{"numFailedTestSuites":5,"numFailedTests":27,"numPassedTestSuites":2,"numPassedTests":48,"numPendingTestSuites":0,"numPendingTests":0,"numRuntimeErrorTestSuites":0,"numTodoTests":0,"numTotalTestSuites":7,"numTotalTests":75,"openHandles":[],"snapshot":{"added":0,"didUpdate":false,"failure":false,"filesAdded":0,"filesRemoved":0,"filesRemovedList":[],"filesUnmatched":0,"filesUpdated":0,"matched":0,"total":0,"unchecked":0,"uncheckedKeysByFile":[],"unmatched":0,"updated":0},"startTime":1782827796654,"success":false,"testResults":[{"assertionResults":[{"ancestorTitles":["A.7: Xem đơn hàng (GET / và GET /:id)"],"duration":28,"failing":false,"failureDetails":[{"matcherResult":{"actual":403,"expected":400,"message":"expect(received).toBe(expected) // Object.is equality\n\nExpected: 400\nReceived: 403","name":"toBe","pass":false}}],"failureMessages":["Error: expect(received).toBe(expected) // Object.is equality\n\nExpected: 400\nReceived: 403\n    at Object.toBe (D:\\mutrapro_system_testing\\services\\order-service\\tests\\unit\\a7-get-orders.test.js:10:28)\n    at processTicksAndRejections (node:internal/process/task_queues:104:5)"],"fullName":"A.7: Xem đơn hàng (GET / và GET /:id) [HP] Nên lấy danh sách đơn hàng thành công","invocations":1,"location":null,"numPassingAsserts":0,"retryReasons":[],"startAt":1782827797135,"status":"failed","title":"[HP] Nên lấy danh sách đơn hàng thành công"},{"ancestorTitles":["A.7: Xem đơn hàng (GET / và GET /:id)"],"duration":27,"failing":false,"failureDetails":[{"matcherResult":{"actual":200,"expected":400,"message":"expect(received).toBe(expected) // Object.is equality\n\nExpected: 400\nReceived: 200","name":"toBe","pass":false}}],"failureMessages":["Error: expect(received).toBe(expected) // Object.is equality\n\nExpected: 400\nReceived: 200\n    at Object.toBe (D:\\mutrapro_system_testing\\services\\order-service\\tests\\unit\\a7-get-orders.test.js:16:28)\n    at processTicksAndRejections (node:internal/process/task_queues:104:5)"],"fullName":"A.7: Xem đơn hàng (GET / và GET /:id) [HP] Nên lấy thông tin chi tiết một đơn hàng thành công theo ID","invocations":1,"location":null,"numPassingAsserts":0,"retryReasons":[],"startAt":1782827797169,"status":"failed","title":"[HP] Nên lấy thông tin chi tiết một đơn hàng thành công theo ID"},{"ancestorTitles":["A.7: Xem đơn hàng (GET / và GET /:id)"],"duration":4,"failing":false,"failureDetails":[{"matcherResult":{"actual":200,"expected":404,"message":"expect(received).toBe(expected) // Object.is equality\n\nExpected: 404\nReceived: 200","name":"toBe","pass":false}}],"failureMessages":["Error: expect(received).toBe(expected) // Object.is equality\n\nExpected: 404\nReceived: 200\n    at Object.toBe (D:\\mutrapro_system_testing\\services\\order-service\\tests\\unit\\a7-get-orders.test.js:22:28)\n    at processTicksAndRejections (node:internal/process/task_queues:104:5)"],"fullName":"A.7: Xem đơn hàng (GET / và GET /:id) [EP] Nên báo lỗi 404 nếu không tìm thấy ID đơn hàng","invocations":1,"location":null,"numPassingAsserts":0,"retryReasons":[],"startAt":1782827797196,"status":"failed","title":"[EP] Nên báo lỗi 404 nếu không tìm thấy ID đơn hàng"},{"ancestorTitles":["A.7: Xem đơn hàng (GET / và GET /:id)"],"duration":10,"failing":false,"failureDetails":[{"matcherResult":{"actual":403,"expected":400,"message":"expect(received).toBe(expected) // Object.is equality\n\nExpected: 400\nReceived: 403","name":"toBe","pass":false}}],"failureMessages":["Error: expect(received).toBe(expected) // Object.is equality\n\nExpected: 400\nReceived: 403\n    at Object.toBe (D:\\mutrapro_system_testing\\services\\order-service\\tests\\unit\\a7-get-orders.test.js:35:28)\n    at processTicksAndRejections (node:internal/process/task_queues:104:5)"],"fullName":"A.7: Xem đơn hàng (GET / và GET /:id) [Real Payload] [EP] ORD-PAG-09 - Lấy danh sách bỏ trống tham số limit","invocations":1,"location":null,"numPassingAsserts":0,"retryReasons":[],"startAt":1782827797201,"status":"failed","title":"[Real Payload] [EP] ORD-PAG-09 - Lấy danh sách bỏ trống tham số limit"},{"ancestorTitles":["A.7: Xem đơn hàng (GET / và GET /:id)"],"duration":4,"failing":false,"failureDetails":[{"matcherResult":{"actual":200,"expected":400,"message":"expect(received).toBe(expected) // Object.is equality\n\nExpected: 400\nReceived: 200","name":"toBe","pass":false}}],"failureMessages":["Error: expect(received).toBe(expected) // Object.is equality\n\nExpected: 400\nReceived: 200\n    at Object.toBe (D:\\mutrapro_system_testing\\services\\order-service\\tests\\unit\\a7-get-orders.test.js:45:28)\n    at processTicksAndRejections (node:internal/process/task_queues:104:5)"],"fullName":"A.7: Xem đơn hàng (GET / và GET /:id) [Real Payload] [EP] ORD-S08 - ID hợp lệ nominal","invocations":1,"location":null,"numPassingAsserts":0,"retryReasons":[],"startAt":1782827797212,"status":"failed","title":"[Real Payload] [EP] ORD-S08 - ID hợp lệ nominal"},{"ancestorTitles":["A.7: Xem đơn hàng (GET / và GET /:id)"],"duration":4,"failing":false,"failureDetails":[],"failureMessages":[],"fullName":"A.7: Xem đơn hàng (GET / và GET /:id) [Real Payload] [EP] ORD-S09 - ID là chữ","invocations":1,"location":null,"numPassingAsserts":1,"retryReasons":[],"startAt":1782827797216,"status":"passed","title":"[Real Payload] [EP] ORD-S09 - ID là chữ"},{"ancestorTitles":["A.7: Xem đơn hàng (GET / và GET /:id)"],"duration":4,"failing":false,"failureDetails":[{"matcherResult":{"actual":200,"expected":400,"message":"expect(received).toBe(expected) // Object.is equality\n\nExpected: 400\nReceived: 200","name":"toBe","pass":false}}],"failureMessages":["Error: expect(received).toBe(expected) // Object.is equality\n\nExpected: 400\nReceived: 200\n    at Object.toBe (D:\\mutrapro_system_testing\\services\\order-service\\tests\\unit\\a7-get-orders.test.js:65:28)\n    at processTicksAndRejections (node:internal/process/task_queues:104:5)"],"fullName":"A.7: Xem đơn hàng (GET / và GET /:id) [Real Payload] [EP] ORD-S11 - Request với JWT Token giả mạo/sai chữ ký","invocations":1,"location":null,"numPassingAsserts":0,"retryReasons":[],"startAt":1782827797221,"status":"failed","title":"[Real Payload] [EP] ORD-S11 - Request với JWT Token giả mạo/sai chữ ký"},{"ancestorTitles":["A.7: Xem đơn hàng (GET / và GET /:id)"],"duration":3,"failing":false,"failureDetails":[],"failureMessages":[],"fullName":"A.7: Xem đơn hàng (GET / và GET /:id) [Real Payload] [EP] ORD-S12 - Xem chi tiết đơn không có token","invocations":1,"location":null,"numPassingAsserts":1,"retryReasons":[],"startAt":1782827797225,"status":"passed","title":"[Real Payload] [EP] ORD-S12 - Xem chi tiết đơn không có token"},{"ancestorTitles":["A.7: Xem đơn hàng (GET / và GET /:id)"],"duration":4,"failing":false,"failureDetails":[{"matcherResult":{"actual":200,"expected":400,"message":"expect(received).toBe(expected) // Object.is equality\n\nExpected: 400\nReceived: 200","name":"toBe","pass":false}}],"failureMessages":["Error: expect(received).toBe(expected) // Object.is equality\n\nExpected: 400\nReceived: 200\n    at Object.toBe (D:\\mutrapro_system_testing\\services\\order-service\\tests\\unit\\a7-get-orders.test.js:85:28)\n    at processTicksAndRejections (node:internal/process/task_queues:104:5)"],"fullName":"A.7: Xem đơn hàng (GET / và GET /:id) [Real Payload] [HP] ORD-S04 - Customer xem danh sách đơn hàng của chính mình","invocations":1,"location":null,"numPassingAsserts":0,"retryReasons":[],"startAt":1782827797228,"status":"failed","title":"[Real Payload] [HP] ORD-S04 - Customer xem danh sách đơn hàng của chính mình"},{"ancestorTitles":["A.7: Xem đơn hàng (GET / và GET /:id)"],"duration":5,"failing":false,"failureDetails":[{"matcherResult":{"actual":200,"expected":400,"message":"expect(received).toBe(expected) // Object.is equality\n\nExpected: 400\nReceived: 200","name":"toBe","pass":false}}],"failureMessages":["Error: expect(received).toBe(expected) // Object.is equality\n\nExpected: 400\nReceived: 200\n    at Object.toBe (D:\\mutrapro_system_testing\\services\\order-service\\tests\\unit\\a7-get-orders.test.js:95:28)\n    at processTicksAndRejections (node:internal/process/task_queues:104:5)"],"fullName":"A.7: Xem đơn hàng (GET / và GET /:id) [Real Payload] [HP] ORD-S05 - Customer xem chi tiết đơn hàng của chính mình","invocations":1,"location":null,"numPassingAsserts":0,"retryReasons":[],"startAt":1782827797232,"status":"failed","title":"[Real Payload] [HP] ORD-S05 - Customer xem chi tiết đơn hàng của chính mình"},{"ancestorTitles":["A.7: Xem đơn hàng (GET / và GET /:id)"],"duration":2,"failing":false,"failureDetails":[{"matcherResult":{"actual":403,"expected":400,"message":"expect(received).toBe(expected) // Object.is equality\n\nExpected: 400\nReceived: 403","name":"toBe","pass":false}}],"failureMessages":["Error: expect(received).toBe(expected) // Object.is equality\n\nExpected: 400\nReceived: 403\n    at Object.toBe (D:\\mutrapro_system_testing\\services\\order-service\\tests\\unit\\a7-get-orders.test.js:105:28)\n    at processTicksAndRejections (node:internal/process/task_queues:104:5)"],"fullName":"A.7: Xem đơn hàng (GET / và GET /:id) [Real Payload] [HP] ORD-S06 - Coordinator xem tất cả đơn hàng","invocations":1,"location":null,"numPassingAsserts":0,"retryReasons":[],"startAt":1782827797237,"status":"failed","title":"[Real Payload] [HP] ORD-S06 - Coordinator xem tất cả đơn hàng"},{"ancestorTitles":["A.7: Xem đơn hàng (GET / và GET /:id)"],"duration":2,"failing":false,"failureDetails":[],"failureMessages":[],"fullName":"A.7: Xem đơn hàng (GET / và GET /:id) [Real Payload] [HP] ORD-S07 - Admin xem tất cả đơn hàng","invocations":1,"location":null,"numPassingAsserts":1,"retryReasons":[],"startAt":1782827797240,"status":"passed","title":"[Real Payload] [HP] ORD-S07 - Admin xem tất cả đơn hàng"},{"ancestorTitles":["A.7: Xem đơn hàng (GET / và GET /:id)"],"duration":3,"failing":false,"failureDetails":[],"failureMessages":[],"fullName":"A.7: Xem đơn hàng (GET / và GET /:id) [Real Payload] [BVA] ORD-S10 - ID sát dưới mức min (0)","invocations":1,"location":null,"numPassingAsserts":1,"retryReasons":[],"startAt":1782827797242,"status":"passed","title":"[Real Payload] [BVA] ORD-S10 - ID sát dưới mức min (0)"}],"endTime":1782827797268,"message":"  ● A.7: Xem đơn hàng (GET / và GET /:id) › [HP] Nên lấy danh sách đơn hàng thành công\n\n    expect(received).toBe(expected) // Object.is equality\n\n    Expected: 400\n    Received: 403\n\n    \u001b[0m \u001b[90m  8 |\u001b[39m         global\u001b[33m.\u001b[39mmockPool\u001b[33m.\u001b[39mexecute\u001b[33m.\u001b[39mmockResolvedValueOnce([[{ id\u001b[33m:\u001b[39m \u001b[35m9\u001b[39m\u001b[33m,\u001b[39m status\u001b[33m:\u001b[39m \u001b[32m'pending'\u001b[39m }]])\u001b[33m.\u001b[39mmockResolvedValueOnce([[{ total\u001b[33m:\u001b[39m \u001b[35m10\u001b[39m }]])\u001b[33m;\u001b[39m\n     \u001b[90m  9 |\u001b[39m         \u001b[36mconst\u001b[39m res \u001b[33m=\u001b[39m \u001b[36mawait\u001b[39m request(app)\u001b[33m.\u001b[39m\u001b[36mget\u001b[39m(\u001b[32m'/'\u001b[39m)\u001b[33m;\u001b[39m\n    \u001b[31m\u001b[1m>\u001b[22m\u001b[39m\u001b[90m 10 |\u001b[39m         expect(res\u001b[33m.\u001b[39mstatus)\u001b[33m.\u001b[39mtoBe(\u001b[35m400\u001b[39m)\u001b[33m;\u001b[39m\n     \u001b[90m    |\u001b[39m                            \u001b[31m\u001b[1m^\u001b[22m\u001b[39m\n     \u001b[90m 11 |\u001b[39m     })\u001b[33m;\u001b[39m\n     \u001b[90m 12 |\u001b[39m     \n     \u001b[90m 13 |\u001b[39m     it(\u001b[32m'[HP] Nên lấy thông tin chi tiết một đơn hàng thành công theo ID'\u001b[39m\u001b[33m,\u001b[39m \u001b[36masync\u001b[39m () \u001b[33m=>\u001b[39m {\u001b[0m\n\n      at Object.toBe (tests/unit/a7-get-orders.test.js:10:28)\n\n  ● A.7: Xem đơn hàng (GET / và GET /:id) › [HP] Nên lấy thông tin chi tiết một đơn hàng thành công theo ID\n\n    expect(received).toBe(expected) // Object.is equality\n\n    Expected: 400\n    Received: 200\n\n    \u001b[0m \u001b[90m 14 |\u001b[39m         global\u001b[33m.\u001b[39mmockPool\u001b[33m.\u001b[39mexecute\u001b[33m.\u001b[39mmockResolvedValueOnce([[{ id\u001b[33m:\u001b[39m \u001b[35m9\u001b[39m\u001b[33m,\u001b[39m status\u001b[33m:\u001b[39m \u001b[32m'pending'\u001b[39m }]])\u001b[33m.\u001b[39mmockResolvedValueOnce([[{ total\u001b[33m:\u001b[39m \u001b[35m10\u001b[39m }]])\u001b[33m;\u001b[39m\n     \u001b[90m 15 |\u001b[39m         \u001b[36mconst\u001b[39m res \u001b[33m=\u001b[39m \u001b[36mawait\u001b[39m request(app)\u001b[33m.\u001b[39m\u001b[36mget\u001b[39m(\u001b[32m'/9'\u001b[39m)\u001b[33m;\u001b[39m\n    \u001b[31m\u001b[1m>\u001b[22m\u001b[39m\u001b[90m 16 |\u001b[39m         expect(res\u001b[33m.\u001b[39mstatus)\u001b[33m.\u001b[39mtoBe(\u001b[35m400\u001b[39m)\u001b[33m;\u001b[39m\n     \u001b[90m    |\u001b[39m                            \u001b[31m\u001b[1m^\u001b[22m\u001b[39m\n     \u001b[90m 17 |\u001b[39m     })\u001b[33m;\u001b[39m\n     \u001b[90m 18 |\u001b[39m     \n     \u001b[90m 19 |\u001b[39m     it(\u001b[32m'[EP] Nên báo lỗi 404 nếu không tìm thấy ID đơn hàng'\u001b[39m\u001b[33m,\u001b[39m \u001b[36masync\u001b[39m () \u001b[33m=>\u001b[39m {\u001b[0m\n\n      at Object.toBe (tests/unit/a7-get-orders.test.js:16:28)\n\n  ● A.7: Xem đơn hàng (GET / và GET /:id) › [EP] Nên báo lỗi 404 nếu không tìm thấy ID đơn hàng\n\n    expect(received).toBe(expected) // Object.is equality\n\n    Expected: 404\n    Received: 200\n\n    \u001b[0m \u001b[90m 20 |\u001b[39m         global\u001b[33m.\u001b[39mmockPool\u001b[33m.\u001b[39mexecute\u001b[33m.\u001b[39mmockResolvedValueOnce([[]])\u001b[33m;\u001b[39m\n     \u001b[90m 21 |\u001b[39m         \u001b[36mconst\u001b[39m res \u001b[33m=\u001b[39m \u001b[36mawait\u001b[39m request(app)\u001b[33m.\u001b[39m\u001b[36mget\u001b[39m(\u001b[32m'/9999'\u001b[39m)\u001b[33m;\u001b[39m\n    \u001b[31m\u001b[1m>\u001b[22m\u001b[39m\u001b[90m 22 |\u001b[39m         expect(res\u001b[33m.\u001b[39mstatus)\u001b[33m.\u001b[39mtoBe(\u001b[35m404\u001b[39m)\u001b[33m;\u001b[39m\n     \u001b[90m    |\u001b[39m                            \u001b[31m\u001b[1m^\u001b[22m\u001b[39m\n     \u001b[90m 23 |\u001b[39m     })\u001b[33m;\u001b[39m\n     \u001b[90m 24 |\u001b[39m\n     \u001b[90m 25 |\u001b[39m     \u001b[90m// --- BVA/EP REAL PAYLOAD TESTS ---\u001b[39m\u001b[0m\n\n      at Object.toBe (tests/unit/a7-get-orders.test.js:22:28)\n\n  ● A.7: Xem đơn hàng (GET / và GET /:id) › [Real Payload] [EP] ORD-PAG-09 - Lấy danh sách bỏ trống tham số limit\n\n    expect(received).toBe(expected) // Object.is equality\n\n    Expected: 400\n    Received: 403\n\n    \u001b[0m \u001b[90m 33 |\u001b[39m             \u001b[33m.\u001b[39msend(payload)\u001b[33m;\u001b[39m\n     \u001b[90m 34 |\u001b[39m         \n    \u001b[31m\u001b[1m>\u001b[22m\u001b[39m\u001b[90m 35 |\u001b[39m         expect(res\u001b[33m.\u001b[39mstatus)\u001b[33m.\u001b[39mtoBe(\u001b[35m400\u001b[39m)\u001b[33m;\u001b[39m\n     \u001b[90m    |\u001b[39m                            \u001b[31m\u001b[1m^\u001b[22m\u001b[39m\n     \u001b[90m 36 |\u001b[39m     })\u001b[33m;\u001b[39m\n     \u001b[90m 37 |\u001b[39m     it(\u001b[32m'[Real Payload] [EP] ORD-S08 - ID hợp lệ nominal'\u001b[39m\u001b[33m,\u001b[39m \u001b[36masync\u001b[39m () \u001b[33m=>\u001b[39m {\n     \u001b[90m 38 |\u001b[39m         global\u001b[33m.\u001b[39mmockPool\u001b[33m.\u001b[39mexecute\u001b[33m.\u001b[39mmockResolvedValueOnce([[{ id\u001b[33m:\u001b[39m \u001b[35m9\u001b[39m\u001b[33m,\u001b[39m status\u001b[33m:\u001b[39m \u001b[32m'pending'\u001b[39m }]])\u001b[33m.\u001b[39mmockResolvedValueOnce([[{ total\u001b[33m:\u001b[39m \u001b[35m10\u001b[39m }]])\u001b[33m;\u001b[39m\u001b[0m\n\n      at Object.toBe (tests/unit/a7-get-orders.test.js:35:28)\n\n  ● A.7: Xem đơn hàng (GET / và GET /:id) › [Real Payload] [EP] ORD-S08 - ID hợp lệ nominal\n\n    expect(received).toBe(expected) // Object.is equality\n\n    Expected: 400\n    Received: 200\n\n    \u001b[0m \u001b[90m 43 |\u001b[39m             \u001b[33m.\u001b[39msend(payload)\u001b[33m;\u001b[39m\n     \u001b[90m 44 |\u001b[39m         \n    \u001b[31m\u001b[1m>\u001b[22m\u001b[39m\u001b[90m 45 |\u001b[39m         expect(res\u001b[33m.\u001b[39mstatus)\u001b[33m.\u001b[39mtoBe(\u001b[35m400\u001b[39m)\u001b[33m;\u001b[39m\n     \u001b[90m    |\u001b[39m                            \u001b[31m\u001b[1m^\u001b[22m\u001b[39m\n     \u001b[90m 46 |\u001b[39m     })\u001b[33m;\u001b[39m\n     \u001b[90m 47 |\u001b[39m     it(\u001b[32m'[Real Payload] [EP] ORD-S09 - ID là chữ'\u001b[39m\u001b[33m,\u001b[39m \u001b[36masync\u001b[39m () \u001b[33m=>\u001b[39m {\n     \u001b[90m 48 |\u001b[39m         global\u001b[33m.\u001b[39mmockPool\u001b[33m.\u001b[39mexecute\u001b[33m.\u001b[39mmockResolvedValueOnce([[{ id\u001b[33m:\u001b[39m \u001b[35m9\u001b[39m\u001b[33m,\u001b[39m status\u001b[33m:\u001b[39m \u001b[32m'pending'\u001b[39m }]])\u001b[33m.\u001b[39mmockResolvedValueOnce([[{ total\u001b[33m:\u001b[39m \u001b[35m10\u001b[39m }]])\u001b[33m;\u001b[39m\u001b[0m\n\n      at Object.toBe (tests/unit/a7-get-orders.test.js:45:28)\n\n  ● A.7: Xem đơn hàng (GET / và GET /:id) › [Real Payload] [EP] ORD-S11 - Request với JWT Token giả mạo/sai chữ ký\n\n    expect(received).toBe(expected) // Object.is equality\n\n    Expected: 400\n    Received: 200\n\n    \u001b[0m \u001b[90m 63 |\u001b[39m             \u001b[33m.\u001b[39msend(payload)\u001b[33m;\u001b[39m\n     \u001b[90m 64 |\u001b[39m         \n    \u001b[31m\u001b[1m>\u001b[22m\u001b[39m\u001b[90m 65 |\u001b[39m         expect(res\u001b[33m.\u001b[39mstatus)\u001b[33m.\u001b[39mtoBe(\u001b[35m400\u001b[39m)\u001b[33m;\u001b[39m\n     \u001b[90m    |\u001b[39m                            \u001b[31m\u001b[1m^\u001b[22m\u001b[39m\n     \u001b[90m 66 |\u001b[39m     })\u001b[33m;\u001b[39m\n     \u001b[90m 67 |\u001b[39m     it(\u001b[32m'[Real Payload] [EP] ORD-S12 - Xem chi tiết đơn không có token'\u001b[39m\u001b[33m,\u001b[39m \u001b[36masync\u001b[39m () \u001b[33m=>\u001b[39m {\n     \u001b[90m 68 |\u001b[39m         global\u001b[33m.\u001b[39mmockPool\u001b[33m.\u001b[39mexecute\u001b[33m.\u001b[39mmockResolvedValueOnce([[{ id\u001b[33m:\u001b[39m \u001b[35m9\u001b[39m\u001b[33m,\u001b[39m status\u001b[33m:\u001b[39m \u001b[32m'pending'\u001b[39m }]])\u001b[33m.\u001b[39mmockResolvedValueOnce([[{ total\u001b[33m:\u001b[39m \u001b[35m10\u001b[39m }]])\u001b[33m;\u001b[39m\u001b[0m\n\n      at Object.toBe (tests/unit/a7-get-orders.test.js:65:28)\n\n  ● A.7: Xem đơn hàng (GET / và GET /:id) › [Real Payload] [HP] ORD-S04 - Customer xem danh sách đơn hàng của chính mình\n\n    expect(received).toBe(expected) // Object.is equality\n\n    Expected: 400\n    Received: 200\n\n    \u001b[0m \u001b[90m 83 |\u001b[39m             \u001b[33m.\u001b[39msend(payload)\u001b[33m;\u001b[39m\n     \u001b[90m 84 |\u001b[39m         \n    \u001b[31m\u001b[1m>\u001b[22m\u001b[39m\u001b[90m 85 |\u001b[39m         expect(res\u001b[33m.\u001b[39mstatus)\u001b[33m.\u001b[39mtoBe(\u001b[35m400\u001b[39m)\u001b[33m;\u001b[39m\n     \u001b[90m    |\u001b[39m                            \u001b[31m\u001b[1m^\u001b[22m\u001b[39m\n     \u001b[90m 86 |\u001b[39m     })\u001b[33m;\u001b[39m\n     \u001b[90m 87 |\u001b[39m     it(\u001b[32m'[Real Payload] [HP] ORD-S05 - Customer xem chi tiết đơn hàng của chính mình'\u001b[39m\u001b[33m,\u001b[39m \u001b[36masync\u001b[39m () \u001b[33m=>\u001b[39m {\n     \u001b[90m 88 |\u001b[39m         global\u001b[33m.\u001b[39mmockPool\u001b[33m.\u001b[39mexecute\u001b[33m.\u001b[39mmockResolvedValueOnce([[{ id\u001b[33m:\u001b[39m \u001b[35m9\u001b[39m\u001b[33m,\u001b[39m status\u001b[33m:\u001b[39m \u001b[32m'pending'\u001b[39m }]])\u001b[33m.\u001b[39mmockResolvedValueOnce([[{ total\u001b[33m:\u001b[39m \u001b[35m10\u001b[39m }]])\u001b[33m;\u001b[39m\u001b[0m\n\n      at Object.toBe (tests/unit/a7-get-orders.test.js:85:28)\n\n  ● A.7: Xem đơn hàng (GET / và GET /:id) › [Real Payload] [HP] ORD-S05 - Customer xem chi tiết đơn hàng của chính mình\n\n    expect(received).toBe(expected) // Object.is equality\n\n    Expected: 400\n    Received: 200\n\n    \u001b[0m \u001b[90m 93 |\u001b[39m             \u001b[33m.\u001b[39msend(payload)\u001b[33m;\u001b[39m\n     \u001b[90m 94 |\u001b[39m         \n    \u001b[31m\u001b[1m>\u001b[22m\u001b[39m\u001b[90m 95 |\u001b[39m         expect(res\u001b[33m.\u001b[39mstatus)\u001b[33m.\u001b[39mtoBe(\u001b[35m400\u001b[39m)\u001b[33m;\u001b[39m\n     \u001b[90m    |\u001b[39m                            \u001b[31m\u001b[1m^\u001b[22m\u001b[39m\n     \u001b[90m 96 |\u001b[39m     })\u001b[33m;\u001b[39m\n     \u001b[90m 97 |\u001b[39m     it(\u001b[32m'[Real Payload] [HP] ORD-S06 - Coordinator xem tất cả đơn hàng'\u001b[39m\u001b[33m,\u001b[39m \u001b[36masync\u001b[39m () \u001b[33m=>\u001b[39m {\n     \u001b[90m 98 |\u001b[39m         global\u001b[33m.\u001b[39mmockPool\u001b[33m.\u001b[39mexecute\u001b[33m.\u001b[39mmockResolvedValueOnce([[{ id\u001b[33m:\u001b[39m \u001b[35m9\u001b[39m\u001b[33m,\u001b[39m status\u001b[33m:\u001b[39m \u001b[32m'pending'\u001b[39m }]])\u001b[33m.\u001b[39mmockResolvedValueOnce([[{ total\u001b[33m:\u001b[39m \u001b[35m10\u001b[39m }]])\u001b[33m;\u001b[39m\u001b[0m\n\n      at Object.toBe (tests/unit/a7-get-orders.test.js:95:28)\n\n  ● A.7: Xem đơn hàng (GET / và GET /:id) › [Real Payload] [HP] ORD-S06 - Coordinator xem tất cả đơn hàng\n\n    expect(received).toBe(expected) // Object.is equality\n\n    Expected: 400\n    Received: 403\n\n    \u001b[0m \u001b[90m 103 |\u001b[39m             \u001b[33m.\u001b[39msend(payload)\u001b[33m;\u001b[39m\n     \u001b[90m 104 |\u001b[39m         \n    \u001b[31m\u001b[1m>\u001b[22m\u001b[39m\u001b[90m 105 |\u001b[39m         expect(res\u001b[33m.\u001b[39mstatus)\u001b[33m.\u001b[39mtoBe(\u001b[35m400\u001b[39m)\u001b[33m;\u001b[39m\n     \u001b[90m     |\u001b[39m                            \u001b[31m\u001b[1m^\u001b[22m\u001b[39m\n     \u001b[90m 106 |\u001b[39m     })\u001b[33m;\u001b[39m\n     \u001b[90m 107 |\u001b[39m     it(\u001b[32m'[Real Payload] [HP] ORD-S07 - Admin xem tất cả đơn hàng'\u001b[39m\u001b[33m,\u001b[39m \u001b[36masync\u001b[39m () \u001b[33m=>\u001b[39m {\n     \u001b[90m 108 |\u001b[39m         global\u001b[33m.\u001b[39mmockPool\u001b[33m.\u001b[39mexecute\u001b[33m.\u001b[39mmockResolvedValueOnce([[{ id\u001b[33m:\u001b[39m \u001b[35m9\u001b[39m\u001b[33m,\u001b[39m status\u001b[33m:\u001b[39m \u001b[32m'pending'\u001b[39m }]])\u001b[33m.\u001b[39mmockResolvedValueOnce([[{ total\u001b[33m:\u001b[39m \u001b[35m10\u001b[39m }]])\u001b[33m;\u001b[39m\u001b[0m\n\n      at Object.toBe (tests/unit/a7-get-orders.test.js:105:28)\n","name":"D:\\mutrapro_system_testing\\services\\order-service\\tests\\unit\\a7-get-orders.test.js","startTime":1782827796704,"status":"failed","summary":""},{"assertionResults":[{"ancestorTitles":["A.6: Đánh giá dịch vụ (POST /:id/feedback)"],"duration":12,"failing":false,"failureDetails":[{"matcherResult":{"actual":400,"expected":200,"message":"expect(received).toBe(expected) // Object.is equality\n\nExpected: 200\nReceived: 400","name":"toBe","pass":false}}],"failureMessages":["Error: expect(received).toBe(expected) // Object.is equality\n\nExpected: 200\nReceived: 400\n    at Object.toBe (D:\\mutrapro_system_testing\\services\\order-service\\tests\\unit\\a6-feedback.test.js:10:28)\n    at processTicksAndRejections (node:internal/process/task_queues:104:5)"],"fullName":"A.6: Đánh giá dịch vụ (POST /:id/feedback) [HP] Nên đánh giá dịch vụ thành công","invocations":1,"location":null,"numPassingAsserts":0,"retryReasons":[],"startAt":1782827797427,"status":"failed","title":"[HP] Nên đánh giá dịch vụ thành công"},{"ancestorTitles":["A.6: Đánh giá dịch vụ (POST /:id/feedback)"],"duration":5,"failing":false,"failureDetails":[],"failureMessages":[],"fullName":"A.6: Đánh giá dịch vụ (POST /:id/feedback) [Real Payload] [EP] ORD-FB-05 - Lỗi rating chữ cái","invocations":1,"location":null,"numPassingAsserts":1,"retryReasons":[],"startAt":1782827797442,"status":"passed","title":"[Real Payload] [EP] ORD-FB-05 - Lỗi rating chữ cái"},{"ancestorTitles":["A.6: Đánh giá dịch vụ (POST /:id/feedback)"],"duration":3,"failing":false,"failureDetails":[],"failureMessages":[],"fullName":"A.6: Đánh giá dịch vụ (POST /:id/feedback) [Real Payload] [EP] ORD-FB-06 - Lỗi rating số thập phân","invocations":1,"location":null,"numPassingAsserts":1,"retryReasons":[],"startAt":1782827797447,"status":"passed","title":"[Real Payload] [EP] ORD-FB-06 - Lỗi rating số thập phân"},{"ancestorTitles":["A.6: Đánh giá dịch vụ (POST /:id/feedback)"],"duration":4,"failing":false,"failureDetails":[],"failureMessages":[],"fullName":"A.6: Đánh giá dịch vụ (POST /:id/feedback) [Real Payload] [EP] ORD-FB-08 - Lỗi comment quá dài","invocations":1,"location":null,"numPassingAsserts":1,"retryReasons":[],"startAt":1782827797450,"status":"passed","title":"[Real Payload] [EP] ORD-FB-08 - Lỗi comment quá dài"},{"ancestorTitles":["A.6: Đánh giá dịch vụ (POST /:id/feedback)"],"duration":3,"failing":false,"failureDetails":[],"failureMessages":[],"fullName":"A.6: Đánh giá dịch vụ (POST /:id/feedback) [Real Payload] [EP] ORD-FB-09 - Lỗi feedback đơn chưa thanh toán","invocations":1,"location":null,"numPassingAsserts":1,"retryReasons":[],"startAt":1782827797454,"status":"passed","title":"[Real Payload] [EP] ORD-FB-09 - Lỗi feedback đơn chưa thanh toán"},{"ancestorTitles":["A.6: Đánh giá dịch vụ (POST /:id/feedback)"],"duration":4,"failing":false,"failureDetails":[{"matcherResult":{"actual":404,"expected":400,"message":"expect(received).toBe(expected) // Object.is equality\n\nExpected: 400\nReceived: 404","name":"toBe","pass":false}}],"failureMessages":["Error: expect(received).toBe(expected) // Object.is equality\n\nExpected: 400\nReceived: 404\n    at Object.toBe (D:\\mutrapro_system_testing\\services\\order-service\\tests\\unit\\a6-feedback.test.js:93:28)\n    at processTicksAndRejections (node:internal/process/task_queues:104:5)"],"fullName":"A.6: Đánh giá dịch vụ (POST /:id/feedback) [Real Payload] [EP] ORD-FB-10 - Lỗi gửi feedback lần 2 (trùng lặp)","invocations":1,"location":null,"numPassingAsserts":0,"retryReasons":[],"startAt":1782827797457,"status":"failed","title":"[Real Payload] [EP] ORD-FB-10 - Lỗi gửi feedback lần 2 (trùng lặp)"},{"ancestorTitles":["A.6: Đánh giá dịch vụ (POST /:id/feedback)"],"duration":4,"failing":false,"failureDetails":[{"matcherResult":{"actual":400,"expected":200,"message":"expect(received).toBe(expected) // Object.is equality\n\nExpected: 200\nReceived: 400","name":"toBe","pass":false}}],"failureMessages":["Error: expect(received).toBe(expected) // Object.is equality\n\nExpected: 200\nReceived: 400\n    at Object.toBe (D:\\mutrapro_system_testing\\services\\order-service\\tests\\unit\\a6-feedback.test.js:109:28)\n    at processTicksAndRejections (node:internal/process/task_queues:104:5)"],"fullName":"A.6: Đánh giá dịch vụ (POST /:id/feedback) [Real Payload] [BVA] ORD-FB-01 - Feedback hợp lệ tại biên min","invocations":1,"location":null,"numPassingAsserts":0,"retryReasons":[],"startAt":1782827797461,"status":"failed","title":"[Real Payload] [BVA] ORD-FB-01 - Feedback hợp lệ tại biên min"},{"ancestorTitles":["A.6: Đánh giá dịch vụ (POST /:id/feedback)"],"duration":4,"failing":false,"failureDetails":[{"matcherResult":{"actual":400,"expected":200,"message":"expect(received).toBe(expected) // Object.is equality\n\nExpected: 200\nReceived: 400","name":"toBe","pass":false}}],"failureMessages":["Error: expect(received).toBe(expected) // Object.is equality\n\nExpected: 200\nReceived: 400\n    at Object.toBe (D:\\mutrapro_system_testing\\services\\order-service\\tests\\unit\\a6-feedback.test.js:125:28)\n    at processTicksAndRejections (node:internal/process/task_queues:104:5)"],"fullName":"A.6: Đánh giá dịch vụ (POST /:id/feedback) [Real Payload] [BVA] ORD-FB-02 - Feedback hợp lệ tại biên max","invocations":1,"location":null,"numPassingAsserts":0,"retryReasons":[],"startAt":1782827797465,"status":"failed","title":"[Real Payload] [BVA] ORD-FB-02 - Feedback hợp lệ tại biên max"},{"ancestorTitles":["A.6: Đánh giá dịch vụ (POST /:id/feedback)"],"duration":3,"failing":false,"failureDetails":[],"failureMessages":[],"fullName":"A.6: Đánh giá dịch vụ (POST /:id/feedback) [Real Payload] [BVA] ORD-FB-03 - Lỗi rating dưới min","invocations":1,"location":null,"numPassingAsserts":1,"retryReasons":[],"startAt":1782827797469,"status":"passed","title":"[Real Payload] [BVA] ORD-FB-03 - Lỗi rating dưới min"},{"ancestorTitles":["A.6: Đánh giá dịch vụ (POST /:id/feedback)"],"duration":3,"failing":false,"failureDetails":[],"failureMessages":[],"fullName":"A.6: Đánh giá dịch vụ (POST /:id/feedback) [Real Payload] [BVA] ORD-FB-04 - Lỗi rating vượt max","invocations":1,"location":null,"numPassingAsserts":1,"retryReasons":[],"startAt":1782827797472,"status":"passed","title":"[Real Payload] [BVA] ORD-FB-04 - Lỗi rating vượt max"},{"ancestorTitles":["A.6: Đánh giá dịch vụ (POST /:id/feedback)"],"duration":3,"failing":false,"failureDetails":[],"failureMessages":[],"fullName":"A.6: Đánh giá dịch vụ (POST /:id/feedback) [Real Payload] [BVA] ORD-FB-07 - Lỗi comment vượt mức max","invocations":1,"location":null,"numPassingAsserts":1,"retryReasons":[],"startAt":1782827797475,"status":"passed","title":"[Real Payload] [BVA] ORD-FB-07 - Lỗi comment vượt mức max"}],"endTime":1782827797485,"message":"  ● A.6: Đánh giá dịch vụ (POST /:id/feedback) › [HP] Nên đánh giá dịch vụ thành công\n\n    expect(received).toBe(expected) // Object.is equality\n\n    Expected: 200\n    Received: 400\n\n    \u001b[0m \u001b[90m  8 |\u001b[39m         global\u001b[33m.\u001b[39mmockPool\u001b[33m.\u001b[39mexecute\u001b[33m.\u001b[39mmockResolvedValueOnce([[{ id\u001b[33m:\u001b[39m \u001b[35m9\u001b[39m\u001b[33m,\u001b[39m status\u001b[33m:\u001b[39m \u001b[32m'completed'\u001b[39m\u001b[33m,\u001b[39m customer_id\u001b[33m:\u001b[39m \u001b[35m1\u001b[39m }]])\u001b[33m.\u001b[39mmockResolvedValueOnce([[]])\u001b[33m.\u001b[39mmockResolvedValueOnce([[{ affectedRows\u001b[33m:\u001b[39m \u001b[35m1\u001b[39m }]])\u001b[33m;\u001b[39m\n     \u001b[90m  9 |\u001b[39m         \u001b[36mconst\u001b[39m res \u001b[33m=\u001b[39m \u001b[36mawait\u001b[39m request(app)\u001b[33m.\u001b[39mpost(\u001b[32m'/9/feedback'\u001b[39m)\u001b[33m.\u001b[39msend({ rating\u001b[33m:\u001b[39m \u001b[35m5\u001b[39m\u001b[33m,\u001b[39m comment\u001b[33m:\u001b[39m \u001b[32m'Good'\u001b[39m })\u001b[33m;\u001b[39m\n    \u001b[31m\u001b[1m>\u001b[22m\u001b[39m\u001b[90m 10 |\u001b[39m         expect(res\u001b[33m.\u001b[39mstatus)\u001b[33m.\u001b[39mtoBe(\u001b[35m200\u001b[39m)\u001b[33m;\u001b[39m\n     \u001b[90m    |\u001b[39m                            \u001b[31m\u001b[1m^\u001b[22m\u001b[39m\n     \u001b[90m 11 |\u001b[39m     })\u001b[33m;\u001b[39m\n     \u001b[90m 12 |\u001b[39m\n     \u001b[90m 13 |\u001b[39m     \u001b[90m// --- BVA/EP REAL PAYLOAD TESTS ---\u001b[39m\u001b[0m\n\n      at Object.toBe (tests/unit/a6-feedback.test.js:10:28)\n\n  ● A.6: Đánh giá dịch vụ (POST /:id/feedback) › [Real Payload] [EP] ORD-FB-10 - Lỗi gửi feedback lần 2 (trùng lặp)\n\n    expect(received).toBe(expected) // Object.is equality\n\n    Expected: 400\n    Received: 404\n\n    \u001b[0m \u001b[90m 91 |\u001b[39m             \u001b[33m.\u001b[39msend(payload)\u001b[33m;\u001b[39m\n     \u001b[90m 92 |\u001b[39m         \n    \u001b[31m\u001b[1m>\u001b[22m\u001b[39m\u001b[90m 93 |\u001b[39m         expect(res\u001b[33m.\u001b[39mstatus)\u001b[33m.\u001b[39mtoBe(\u001b[35m400\u001b[39m)\u001b[33m;\u001b[39m\n     \u001b[90m    |\u001b[39m                            \u001b[31m\u001b[1m^\u001b[22m\u001b[39m\n     \u001b[90m 94 |\u001b[39m     })\u001b[33m;\u001b[39m\n     \u001b[90m 95 |\u001b[39m     it(\u001b[32m'[Real Payload] [BVA] ORD-FB-01 - Feedback hợp lệ tại biên min'\u001b[39m\u001b[33m,\u001b[39m \u001b[36masync\u001b[39m () \u001b[33m=>\u001b[39m {\n     \u001b[90m 96 |\u001b[39m         global\u001b[33m.\u001b[39mmockPool\u001b[33m.\u001b[39mexecute\u001b[33m.\u001b[39mmockResolvedValueOnce([[{ id\u001b[33m:\u001b[39m \u001b[35m9\u001b[39m\u001b[33m,\u001b[39m status\u001b[33m:\u001b[39m \u001b[32m'completed'\u001b[39m\u001b[33m,\u001b[39m customer_id\u001b[33m:\u001b[39m \u001b[35m1\u001b[39m }]])\u001b[33m.\u001b[39mmockResolvedValueOnce([[]])\u001b[33m.\u001b[39mmockResolvedValueOnce([[{ affectedRows\u001b[33m:\u001b[39m \u001b[35m1\u001b[39m }]])\u001b[33m;\u001b[39m\u001b[0m\n\n      at Object.toBe (tests/unit/a6-feedback.test.js:93:28)\n\n  ● A.6: Đánh giá dịch vụ (POST /:id/feedback) › [Real Payload] [BVA] ORD-FB-01 - Feedback hợp lệ tại biên min\n\n    expect(received).toBe(expected) // Object.is equality\n\n    Expected: 200\n    Received: 400\n\n    \u001b[0m \u001b[90m 107 |\u001b[39m             \u001b[33m.\u001b[39msend(payload)\u001b[33m;\u001b[39m\n     \u001b[90m 108 |\u001b[39m         \n    \u001b[31m\u001b[1m>\u001b[22m\u001b[39m\u001b[90m 109 |\u001b[39m         expect(res\u001b[33m.\u001b[39mstatus)\u001b[33m.\u001b[39mtoBe(\u001b[35m200\u001b[39m)\u001b[33m;\u001b[39m\n     \u001b[90m     |\u001b[39m                            \u001b[31m\u001b[1m^\u001b[22m\u001b[39m\n     \u001b[90m 110 |\u001b[39m     })\u001b[33m;\u001b[39m\n     \u001b[90m 111 |\u001b[39m     it(\u001b[32m'[Real Payload] [BVA] ORD-FB-02 - Feedback hợp lệ tại biên max'\u001b[39m\u001b[33m,\u001b[39m \u001b[36masync\u001b[39m () \u001b[33m=>\u001b[39m {\n     \u001b[90m 112 |\u001b[39m         global\u001b[33m.\u001b[39mmockPool\u001b[33m.\u001b[39mexecute\u001b[33m.\u001b[39mmockResolvedValueOnce([[{ id\u001b[33m:\u001b[39m \u001b[35m9\u001b[39m\u001b[33m,\u001b[39m status\u001b[33m:\u001b[39m \u001b[32m'completed'\u001b[39m\u001b[33m,\u001b[39m customer_id\u001b[33m:\u001b[39m \u001b[35m1\u001b[39m }]])\u001b[33m.\u001b[39mmockResolvedValueOnce([[]])\u001b[33m.\u001b[39mmockResolvedValueOnce([[{ affectedRows\u001b[33m:\u001b[39m \u001b[35m1\u001b[39m }]])\u001b[33m;\u001b[39m\u001b[0m\n\n      at Object.toBe (tests/unit/a6-feedback.test.js:109:28)\n\n  ● A.6: Đánh giá dịch vụ (POST /:id/feedback) › [Real Payload] [BVA] ORD-FB-02 - Feedback hợp lệ tại biên max\n\n    expect(received).toBe(expected) // Object.is equality\n\n    Expected: 200\n    Received: 400\n\n    \u001b[0m \u001b[90m 123 |\u001b[39m             \u001b[33m.\u001b[39msend(payload)\u001b[33m;\u001b[39m\n     \u001b[90m 124 |\u001b[39m         \n    \u001b[31m\u001b[1m>\u001b[22m\u001b[39m\u001b[90m 125 |\u001b[39m         expect(res\u001b[33m.\u001b[39mstatus)\u001b[33m.\u001b[39mtoBe(\u001b[35m200\u001b[39m)\u001b[33m;\u001b[39m\n     \u001b[90m     |\u001b[39m                            \u001b[31m\u001b[1m^\u001b[22m\u001b[39m\n     \u001b[90m 126 |\u001b[39m     })\u001b[33m;\u001b[39m\n     \u001b[90m 127 |\u001b[39m     it(\u001b[32m'[Real Payload] [BVA] ORD-FB-03 - Lỗi rating dưới min'\u001b[39m\u001b[33m,\u001b[39m \u001b[36masync\u001b[39m () \u001b[33m=>\u001b[39m {\n     \u001b[90m 128 |\u001b[39m         global\u001b[33m.\u001b[39mmockPool\u001b[33m.\u001b[39mexecute\u001b[33m.\u001b[39mmockResolvedValueOnce([[{ id\u001b[33m:\u001b[39m \u001b[35m9\u001b[39m\u001b[33m,\u001b[39m status\u001b[33m:\u001b[39m \u001b[32m'completed'\u001b[39m\u001b[33m,\u001b[39m customer_id\u001b[33m:\u001b[39m \u001b[35m1\u001b[39m }]])\u001b[33m.\u001b[39mmockResolvedValueOnce([[]])\u001b[33m.\u001b[39mmockResolvedValueOnce([[{ affectedRows\u001b[33m:\u001b[39m \u001b[35m1\u001b[39m }]])\u001b[33m;\u001b[39m\u001b[0m\n\n      at Object.toBe (tests/unit/a6-feedback.test.js:125:28)\n","name":"D:\\mutrapro_system_testing\\services\\order-service\\tests\\unit\\a6-feedback.test.js","startTime":1782827797287,"status":"failed","summary":""},{"assertionResults":[{"ancestorTitles":["A.4: Thanh toán đơn hàng (POST /:id/pay)"],"duration":14,"failing":false,"failureDetails":[],"failureMessages":[],"fullName":"A.4: Thanh toán đơn hàng (POST /:id/pay) [HP] Nên thanh toán thành công và gọi hệ thống vnpay","invocations":1,"location":null,"numPassingAsserts":1,"retryReasons":[],"startAt":1782827797630,"status":"passed","title":"[HP] Nên thanh toán thành công và gọi hệ thống vnpay"},{"ancestorTitles":["A.4: Thanh toán đơn hàng (POST /:id/pay)"],"duration":4,"failing":false,"failureDetails":[],"failureMessages":[],"fullName":"A.4: Thanh toán đơn hàng (POST /:id/pay) [Real Payload] [EP] ORD-PAY-06 - Lỗi số âm","invocations":1,"location":null,"numPassingAsserts":1,"retryReasons":[],"startAt":1782827797644,"status":"passed","title":"[Real Payload] [EP] ORD-PAY-06 - Lỗi số âm"},{"ancestorTitles":["A.4: Thanh toán đơn hàng (POST /:id/pay)"],"duration":3,"failing":false,"failureDetails":[],"failureMessages":[],"fullName":"A.4: Thanh toán đơn hàng (POST /:id/pay) [Real Payload] [EP] ORD-PAY-07 - Lỗi thanh toán đơn chưa xong","invocations":1,"location":null,"numPassingAsserts":1,"retryReasons":[],"startAt":1782827797648,"status":"passed","title":"[Real Payload] [EP] ORD-PAY-07 - Lỗi thanh toán đơn chưa xong"},{"ancestorTitles":["A.4: Thanh toán đơn hàng (POST /:id/pay)"],"duration":3,"failing":false,"failureDetails":[],"failureMessages":[],"fullName":"A.4: Thanh toán đơn hàng (POST /:id/pay) [Real Payload] [EP] ORD-PAY-08 - Lỗi thanh toán đơn đã trả rồi","invocations":1,"location":null,"numPassingAsserts":1,"retryReasons":[],"startAt":1782827797652,"status":"passed","title":"[Real Payload] [EP] ORD-PAY-08 - Lỗi thanh toán đơn đã trả rồi"},{"ancestorTitles":["A.4: Thanh toán đơn hàng (POST /:id/pay)"],"duration":3,"failing":false,"failureDetails":[{"matcherResult":{"actual":400,"expected":403,"message":"expect(received).toBe(expected) // Object.is equality\n\nExpected: 403\nReceived: 400","name":"toBe","pass":false}}],"failureMessages":["Error: expect(received).toBe(expected) // Object.is equality\n\nExpected: 403\nReceived: 400\n    at Object.toBe (D:\\mutrapro_system_testing\\services\\order-service\\tests\\unit\\a4-payment.test.js:71:28)\n    at processTicksAndRejections (node:internal/process/task_queues:104:5)"],"fullName":"A.4: Thanh toán đơn hàng (POST /:id/pay) [Real Payload] [SEC] ORD-PAY-09 - Lỗi bảo mật: Token khách hàng khác thanh toán (403)","invocations":1,"location":null,"numPassingAsserts":0,"retryReasons":[],"startAt":1782827797655,"status":"failed","title":"[Real Payload] [SEC] ORD-PAY-09 - Lỗi bảo mật: Token khách hàng khác thanh toán (403)"},{"ancestorTitles":["A.4: Thanh toán đơn hàng (POST /:id/pay)"],"duration":3,"failing":false,"failureDetails":[],"failureMessages":[],"fullName":"A.4: Thanh toán đơn hàng (POST /:id/pay) [Real Payload] [EP] ORD-PAY-10 - Lỗi amount dạng chuỗi (String)","invocations":1,"location":null,"numPassingAsserts":1,"retryReasons":[],"startAt":1782827797661,"status":"passed","title":"[Real Payload] [EP] ORD-PAY-10 - Lỗi amount dạng chuỗi (String)"},{"ancestorTitles":["A.4: Thanh toán đơn hàng (POST /:id/pay)"],"duration":4,"failing":false,"failureDetails":[{"matcherResult":{"actual":400,"expected":200,"message":"expect(received).toBe(expected) // Object.is equality\n\nExpected: 200\nReceived: 400","name":"toBe","pass":false}}],"failureMessages":["Error: expect(received).toBe(expected) // Object.is equality\n\nExpected: 200\nReceived: 400\n    at Object.toBe (D:\\mutrapro_system_testing\\services\\order-service\\tests\\unit\\a4-payment.test.js:99:28)\n    at processTicksAndRejections (node:internal/process/task_queues:104:5)"],"fullName":"A.4: Thanh toán đơn hàng (POST /:id/pay) [Real Payload] [BVA] ORD-PAY-01 - Thanh toán hợp lệ đúng số tiền","invocations":1,"location":null,"numPassingAsserts":0,"retryReasons":[],"startAt":1782827797664,"status":"failed","title":"[Real Payload] [BVA] ORD-PAY-01 - Thanh toán hợp lệ đúng số tiền"},{"ancestorTitles":["A.4: Thanh toán đơn hàng (POST /:id/pay)"],"duration":3,"failing":false,"failureDetails":[{"matcherResult":{"actual":400,"expected":200,"message":"expect(received).toBe(expected) // Object.is equality\n\nExpected: 200\nReceived: 400","name":"toBe","pass":false}}],"failureMessages":["Error: expect(received).toBe(expected) // Object.is equality\n\nExpected: 200\nReceived: 400\n    at Object.toBe (D:\\mutrapro_system_testing\\services\\order-service\\tests\\unit\\a4-payment.test.js:113:28)\n    at processTicksAndRejections (node:internal/process/task_queues:104:5)"],"fullName":"A.4: Thanh toán đơn hàng (POST /:id/pay) [Real Payload] [BVA] ORD-PAY-02 - Thanh toán hợp lệ cho đơn fixed","invocations":1,"location":null,"numPassingAsserts":0,"retryReasons":[],"startAt":1782827797668,"status":"failed","title":"[Real Payload] [BVA] ORD-PAY-02 - Thanh toán hợp lệ cho đơn fixed"},{"ancestorTitles":["A.4: Thanh toán đơn hàng (POST /:id/pay)"],"duration":4,"failing":false,"failureDetails":[],"failureMessages":[],"fullName":"A.4: Thanh toán đơn hàng (POST /:id/pay) [Real Payload] [BVA] ORD-PAY-03 - Lỗi thanh toán hụt tiền","invocations":1,"location":null,"numPassingAsserts":1,"retryReasons":[],"startAt":1782827797671,"status":"passed","title":"[Real Payload] [BVA] ORD-PAY-03 - Lỗi thanh toán hụt tiền"},{"ancestorTitles":["A.4: Thanh toán đơn hàng (POST /:id/pay)"],"duration":3,"failing":false,"failureDetails":[],"failureMessages":[],"fullName":"A.4: Thanh toán đơn hàng (POST /:id/pay) [Real Payload] [BVA] ORD-PAY-04 - Lỗi thanh toán thừa tiền","invocations":1,"location":null,"numPassingAsserts":1,"retryReasons":[],"startAt":1782827797675,"status":"passed","title":"[Real Payload] [BVA] ORD-PAY-04 - Lỗi thanh toán thừa tiền"},{"ancestorTitles":["A.4: Thanh toán đơn hàng (POST /:id/pay)"],"duration":4,"failing":false,"failureDetails":[],"failureMessages":[],"fullName":"A.4: Thanh toán đơn hàng (POST /:id/pay) [Real Payload] [BVA] ORD-PAY-05 - Lỗi thanh toán sai số thập phân","invocations":1,"location":null,"numPassingAsserts":1,"retryReasons":[],"startAt":1782827797678,"status":"passed","title":"[Real Payload] [BVA] ORD-PAY-05 - Lỗi thanh toán sai số thập phân"}],"endTime":1782827797688,"message":"  ● A.4: Thanh toán đơn hàng (POST /:id/pay) › [Real Payload] [SEC] ORD-PAY-09 - Lỗi bảo mật: Token khách hàng khác thanh toán (403)\n\n    expect(received).toBe(expected) // Object.is equality\n\n    Expected: 403\n    Received: 400\n\n    \u001b[0m \u001b[90m 69 |\u001b[39m             \u001b[33m.\u001b[39msend(payload)\u001b[33m;\u001b[39m\n     \u001b[90m 70 |\u001b[39m         \n    \u001b[31m\u001b[1m>\u001b[22m\u001b[39m\u001b[90m 71 |\u001b[39m         expect(res\u001b[33m.\u001b[39mstatus)\u001b[33m.\u001b[39mtoBe(\u001b[35m403\u001b[39m)\u001b[33m;\u001b[39m\n     \u001b[90m    |\u001b[39m                            \u001b[31m\u001b[1m^\u001b[22m\u001b[39m\n     \u001b[90m 72 |\u001b[39m     })\u001b[33m;\u001b[39m\n     \u001b[90m 73 |\u001b[39m     it(\u001b[32m'[Real Payload] [EP] ORD-PAY-10 - Lỗi amount dạng chuỗi (String)'\u001b[39m\u001b[33m,\u001b[39m \u001b[36masync\u001b[39m () \u001b[33m=>\u001b[39m {\n     \u001b[90m 74 |\u001b[39m         global\u001b[33m.\u001b[39mmockPool\u001b[33m.\u001b[39mexecute\u001b[33m.\u001b[39mmockResolvedValueOnce([[{ id\u001b[33m:\u001b[39m \u001b[35m9\u001b[39m\u001b[33m,\u001b[39m status\u001b[33m:\u001b[39m \u001b[32m'completed'\u001b[39m\u001b[33m,\u001b[39m customer_id\u001b[33m:\u001b[39m \u001b[35m1\u001b[39m\u001b[33m,\u001b[39m price\u001b[33m:\u001b[39m \u001b[35m500000\u001b[39m }]])\u001b[33m.\u001b[39mmockResolvedValueOnce([[{ affectedRows\u001b[33m:\u001b[39m \u001b[35m1\u001b[39m }]])\u001b[33m;\u001b[39m\u001b[0m\n\n      at Object.toBe (tests/unit/a4-payment.test.js:71:28)\n\n  ● A.4: Thanh toán đơn hàng (POST /:id/pay) › [Real Payload] [BVA] ORD-PAY-01 - Thanh toán hợp lệ đúng số tiền\n\n    expect(received).toBe(expected) // Object.is equality\n\n    Expected: 200\n    Received: 400\n\n    \u001b[0m \u001b[90m  97 |\u001b[39m             \u001b[33m.\u001b[39msend(payload)\u001b[33m;\u001b[39m\n     \u001b[90m  98 |\u001b[39m         \n    \u001b[31m\u001b[1m>\u001b[22m\u001b[39m\u001b[90m  99 |\u001b[39m         expect(res\u001b[33m.\u001b[39mstatus)\u001b[33m.\u001b[39mtoBe(\u001b[35m200\u001b[39m)\u001b[33m;\u001b[39m\n     \u001b[90m     |\u001b[39m                            \u001b[31m\u001b[1m^\u001b[22m\u001b[39m\n     \u001b[90m 100 |\u001b[39m     })\u001b[33m;\u001b[39m\n     \u001b[90m 101 |\u001b[39m     it(\u001b[32m'[Real Payload] [BVA] ORD-PAY-02 - Thanh toán hợp lệ cho đơn fixed'\u001b[39m\u001b[33m,\u001b[39m \u001b[36masync\u001b[39m () \u001b[33m=>\u001b[39m {\n     \u001b[90m 102 |\u001b[39m         global\u001b[33m.\u001b[39mmockPool\u001b[33m.\u001b[39mexecute\u001b[33m.\u001b[39mmockResolvedValueOnce([[{ id\u001b[33m:\u001b[39m \u001b[35m9\u001b[39m\u001b[33m,\u001b[39m status\u001b[33m:\u001b[39m \u001b[32m'completed'\u001b[39m\u001b[33m,\u001b[39m customer_id\u001b[33m:\u001b[39m \u001b[35m1\u001b[39m\u001b[33m,\u001b[39m price\u001b[33m:\u001b[39m \u001b[35m500000\u001b[39m }]])\u001b[33m.\u001b[39mmockResolvedValueOnce([[{ affectedRows\u001b[33m:\u001b[39m \u001b[35m1\u001b[39m }]])\u001b[33m;\u001b[39m\u001b[0m\n\n      at Object.toBe (tests/unit/a4-payment.test.js:99:28)\n\n  ● A.4: Thanh toán đơn hàng (POST /:id/pay) › [Real Payload] [BVA] ORD-PAY-02 - Thanh toán hợp lệ cho đơn fixed\n\n    expect(received).toBe(expected) // Object.is equality\n\n    Expected: 200\n    Received: 400\n\n    \u001b[0m \u001b[90m 111 |\u001b[39m             \u001b[33m.\u001b[39msend(payload)\u001b[33m;\u001b[39m\n     \u001b[90m 112 |\u001b[39m         \n    \u001b[31m\u001b[1m>\u001b[22m\u001b[39m\u001b[90m 113 |\u001b[39m         expect(res\u001b[33m.\u001b[39mstatus)\u001b[33m.\u001b[39mtoBe(\u001b[35m200\u001b[39m)\u001b[33m;\u001b[39m\n     \u001b[90m     |\u001b[39m                            \u001b[31m\u001b[1m^\u001b[22m\u001b[39m\n     \u001b[90m 114 |\u001b[39m     })\u001b[33m;\u001b[39m\n     \u001b[90m 115 |\u001b[39m     it(\u001b[32m'[Real Payload] [BVA] ORD-PAY-03 - Lỗi thanh toán hụt tiền'\u001b[39m\u001b[33m,\u001b[39m \u001b[36masync\u001b[39m () \u001b[33m=>\u001b[39m {\n     \u001b[90m 116 |\u001b[39m         global\u001b[33m.\u001b[39mmockPool\u001b[33m.\u001b[39mexecute\u001b[33m.\u001b[39mmockResolvedValueOnce([[{ id\u001b[33m:\u001b[39m \u001b[35m9\u001b[39m\u001b[33m,\u001b[39m status\u001b[33m:\u001b[39m \u001b[32m'completed'\u001b[39m\u001b[33m,\u001b[39m customer_id\u001b[33m:\u001b[39m \u001b[35m1\u001b[39m\u001b[33m,\u001b[39m price\u001b[33m:\u001b[39m \u001b[35m500000\u001b[39m }]])\u001b[33m.\u001b[39mmockResolvedValueOnce([[{ affectedRows\u001b[33m:\u001b[39m \u001b[35m1\u001b[39m }]])\u001b[33m;\u001b[39m\u001b[0m\n\n      at Object.toBe (tests/unit/a4-payment.test.js:113:28)\n","name":"D:\\mutrapro_system_testing\\services\\order-service\\tests\\unit\\a4-payment.test.js","startTime":1782827797506,"status":"failed","summary":""},{"assertionResults":[{"ancestorTitles":["A.2: Cập nhật Trạng thái đơn hàng (PUT /:id/status)"],"duration":6,"failing":false,"failureDetails":[{"matcherResult":{"actual":403,"expected":200,"message":"expect(received).toBe(expected) // Object.is equality\n\nExpected: 200\nReceived: 403","name":"toBe","pass":false}}],"failureMessages":["Error: expect(received).toBe(expected) // Object.is equality\n\nExpected: 200\nReceived: 403\n    at Object.toBe (D:\\mutrapro_system_testing\\services\\order-service\\tests\\unit\\a2-update-status.test.js:10:28)\n    at processTicksAndRejections (node:internal/process/task_queues:104:5)"],"fullName":"A.2: Cập nhật Trạng thái đơn hàng (PUT /:id/status) [HP] Nên cập nhật trạng thái đơn hàng hợp lệ","invocations":1,"location":null,"numPassingAsserts":0,"retryReasons":[],"startAt":1782827797824,"status":"failed","title":"[HP] Nên cập nhật trạng thái đơn hàng hợp lệ"},{"ancestorTitles":["A.2: Cập nhật Trạng thái đơn hàng (PUT /:id/status)"],"duration":3,"failing":false,"failureDetails":[{"matcherResult":{"actual":403,"expected":404,"message":"expect(received).toBe(expected) // Object.is equality\n\nExpected: 404\nReceived: 403","name":"toBe","pass":false}}],"failureMessages":["Error: expect(received).toBe(expected) // Object.is equality\n\nExpected: 404\nReceived: 403\n    at Object.toBe (D:\\mutrapro_system_testing\\services\\order-service\\tests\\unit\\a2-update-status.test.js:27:28)\n    at processTicksAndRejections (node:internal/process/task_queues:104:5)"],"fullName":"A.2: Cập nhật Trạng thái đơn hàng (PUT /:id/status) [Real Payload] [EP] ORD-UPD-03 - Lỗi cập nhật trạng thái không tồn tại","invocations":1,"location":null,"numPassingAsserts":0,"retryReasons":[],"startAt":1782827797833,"status":"failed","title":"[Real Payload] [EP] ORD-UPD-03 - Lỗi cập nhật trạng thái không tồn tại"},{"ancestorTitles":["A.2: Cập nhật Trạng thái đơn hàng (PUT /:id/status)"],"duration":2,"failing":false,"failureDetails":[{"matcherResult":{"actual":403,"expected":400,"message":"expect(received).toBe(expected) // Object.is equality\n\nExpected: 400\nReceived: 403","name":"toBe","pass":false}}],"failureMessages":["Error: expect(received).toBe(expected) // Object.is equality\n\nExpected: 400\nReceived: 403\n    at Object.toBe (D:\\mutrapro_system_testing\\services\\order-service\\tests\\unit\\a2-update-status.test.js:41:28)\n    at processTicksAndRejections (node:internal/process/task_queues:104:5)"],"fullName":"A.2: Cập nhật Trạng thái đơn hàng (PUT /:id/status) [Real Payload] [EP] ORD-UPD-04 - Lỗi cập nhật status bị rỗng","invocations":1,"location":null,"numPassingAsserts":0,"retryReasons":[],"startAt":1782827797837,"status":"failed","title":"[Real Payload] [EP] ORD-UPD-04 - Lỗi cập nhật status bị rỗng"},{"ancestorTitles":["A.2: Cập nhật Trạng thái đơn hàng (PUT /:id/status)"],"duration":2,"failing":false,"failureDetails":[{"matcherResult":{"actual":403,"expected":400,"message":"expect(received).toBe(expected) // Object.is equality\n\nExpected: 400\nReceived: 403","name":"toBe","pass":false}}],"failureMessages":["Error: expect(received).toBe(expected) // Object.is equality\n\nExpected: 400\nReceived: 403\n    at Object.toBe (D:\\mutrapro_system_testing\\services\\order-service\\tests\\unit\\a2-update-status.test.js:55:28)\n    at processTicksAndRejections (node:internal/process/task_queues:104:5)"],"fullName":"A.2: Cập nhật Trạng thái đơn hàng (PUT /:id/status) [Real Payload] [EP] ORD-UPD-05 - Lỗi cập nhật cấm vào paid","invocations":1,"location":null,"numPassingAsserts":0,"retryReasons":[],"startAt":1782827797840,"status":"failed","title":"[Real Payload] [EP] ORD-UPD-05 - Lỗi cập nhật cấm vào paid"},{"ancestorTitles":["A.2: Cập nhật Trạng thái đơn hàng (PUT /:id/status)"],"duration":2,"failing":false,"failureDetails":[{"matcherResult":{"actual":403,"expected":400,"message":"expect(received).toBe(expected) // Object.is equality\n\nExpected: 400\nReceived: 403","name":"toBe","pass":false}}],"failureMessages":["Error: expect(received).toBe(expected) // Object.is equality\n\nExpected: 400\nReceived: 403\n    at Object.toBe (D:\\mutrapro_system_testing\\services\\order-service\\tests\\unit\\a2-update-status.test.js:69:28)\n    at processTicksAndRejections (node:internal/process/task_queues:104:5)"],"fullName":"A.2: Cập nhật Trạng thái đơn hàng (PUT /:id/status) [Real Payload] [EP] ORD-UPD-06 - Lỗi nhảy cóc trạng thái (pending -> completed)","invocations":1,"location":null,"numPassingAsserts":0,"retryReasons":[],"startAt":1782827797842,"status":"failed","title":"[Real Payload] [EP] ORD-UPD-06 - Lỗi nhảy cóc trạng thái (pending -> completed)"},{"ancestorTitles":["A.2: Cập nhật Trạng thái đơn hàng (PUT /:id/status)"],"duration":2,"failing":false,"failureDetails":[{"matcherResult":{"actual":403,"expected":400,"message":"expect(received).toBe(expected) // Object.is equality\n\nExpected: 400\nReceived: 403","name":"toBe","pass":false}}],"failureMessages":["Error: expect(received).toBe(expected) // Object.is equality\n\nExpected: 400\nReceived: 403\n    at Object.toBe (D:\\mutrapro_system_testing\\services\\order-service\\tests\\unit\\a2-update-status.test.js:83:28)\n    at processTicksAndRejections (node:internal/process/task_queues:104:5)"],"fullName":"A.2: Cập nhật Trạng thái đơn hàng (PUT /:id/status) [Real Payload] [EP] ORD-UPD-08 - Lỗi cập nhật đơn hàng đã hủy","invocations":1,"location":null,"numPassingAsserts":0,"retryReasons":[],"startAt":1782827797845,"status":"failed","title":"[Real Payload] [EP] ORD-UPD-08 - Lỗi cập nhật đơn hàng đã hủy"},{"ancestorTitles":["A.2: Cập nhật Trạng thái đơn hàng (PUT /:id/status)"],"duration":3,"failing":false,"failureDetails":[{"matcherResult":{"actual":403,"expected":200,"message":"expect(received).toBe(expected) // Object.is equality\n\nExpected: 200\nReceived: 403","name":"toBe","pass":false}}],"failureMessages":["Error: expect(received).toBe(expected) // Object.is equality\n\nExpected: 200\nReceived: 403\n    at Object.toBe (D:\\mutrapro_system_testing\\services\\order-service\\tests\\unit\\a2-update-status.test.js:97:28)\n    at processTicksAndRejections (node:internal/process/task_queues:104:5)"],"fullName":"A.2: Cập nhật Trạng thái đơn hàng (PUT /:id/status) [Real Payload] [HP] ORD-UPD-01 - Cập nhật hợp lệ (pending -> assigned)","invocations":1,"location":null,"numPassingAsserts":0,"retryReasons":[],"startAt":1782827797847,"status":"failed","title":"[Real Payload] [HP] ORD-UPD-01 - Cập nhật hợp lệ (pending -> assigned)"},{"ancestorTitles":["A.2: Cập nhật Trạng thái đơn hàng (PUT /:id/status)"],"duration":2,"failing":false,"failureDetails":[{"matcherResult":{"actual":403,"expected":200,"message":"expect(received).toBe(expected) // Object.is equality\n\nExpected: 200\nReceived: 403","name":"toBe","pass":false}}],"failureMessages":["Error: expect(received).toBe(expected) // Object.is equality\n\nExpected: 200\nReceived: 403\n    at Object.toBe (D:\\mutrapro_system_testing\\services\\order-service\\tests\\unit\\a2-update-status.test.js:111:28)\n    at processTicksAndRejections (node:internal/process/task_queues:104:5)"],"fullName":"A.2: Cập nhật Trạng thái đơn hàng (PUT /:id/status) [Real Payload] [HP] ORD-UPD-02 - Cập nhật hợp lệ (assigned -> in_progress)","invocations":1,"location":null,"numPassingAsserts":0,"retryReasons":[],"startAt":1782827797850,"status":"failed","title":"[Real Payload] [HP] ORD-UPD-02 - Cập nhật hợp lệ (assigned -> in_progress)"},{"ancestorTitles":["A.2: Cập nhật Trạng thái đơn hàng (PUT /:id/status)"],"duration":3,"failing":false,"failureDetails":[{"matcherResult":{"actual":403,"expected":200,"message":"expect(received).toBe(expected) // Object.is equality\n\nExpected: 200\nReceived: 403","name":"toBe","pass":false}}],"failureMessages":["Error: expect(received).toBe(expected) // Object.is equality\n\nExpected: 200\nReceived: 403\n    at Object.toBe (D:\\mutrapro_system_testing\\services\\order-service\\tests\\unit\\a2-update-status.test.js:125:28)\n    at processTicksAndRejections (node:internal/process/task_queues:104:5)"],"fullName":"A.2: Cập nhật Trạng thái đơn hàng (PUT /:id/status) [Real Payload] [HP] ORD-UPD-07 - Cập nhật hợp lệ (completed -> fixed)","invocations":1,"location":null,"numPassingAsserts":0,"retryReasons":[],"startAt":1782827797852,"status":"failed","title":"[Real Payload] [HP] ORD-UPD-07 - Cập nhật hợp lệ (completed -> fixed)"},{"ancestorTitles":["A.2: Cập nhật Trạng thái đơn hàng (PUT /:id/status)"],"duration":2,"failing":false,"failureDetails":[],"failureMessages":[],"fullName":"A.2: Cập nhật Trạng thái đơn hàng (PUT /:id/status) [Real Payload] [SEC] ORD-UPD-09 - Lỗi bảo mật: Token customer cập nhật trạng thái (403)","invocations":1,"location":null,"numPassingAsserts":1,"retryReasons":[],"startAt":1782827797856,"status":"passed","title":"[Real Payload] [SEC] ORD-UPD-09 - Lỗi bảo mật: Token customer cập nhật trạng thái (403)"}],"endTime":1782827797869,"message":"  ● A.2: Cập nhật Trạng thái đơn hàng (PUT /:id/status) › [HP] Nên cập nhật trạng thái đơn hàng hợp lệ\n\n    expect(received).toBe(expected) // Object.is equality\n\n    Expected: 200\n    Received: 403\n\n    \u001b[0m \u001b[90m  8 |\u001b[39m         global\u001b[33m.\u001b[39mmockPool\u001b[33m.\u001b[39mexecute\u001b[33m.\u001b[39mmockResolvedValueOnce([[{ id\u001b[33m:\u001b[39m \u001b[35m9\u001b[39m\u001b[33m,\u001b[39m status\u001b[33m:\u001b[39m \u001b[32m'pending'\u001b[39m }]])\u001b[33m.\u001b[39mmockResolvedValueOnce([[{ affectedRows\u001b[33m:\u001b[39m \u001b[35m1\u001b[39m }]])\u001b[33m;\u001b[39m\n     \u001b[90m  9 |\u001b[39m         \u001b[36mconst\u001b[39m res \u001b[33m=\u001b[39m \u001b[36mawait\u001b[39m request(app)\u001b[33m.\u001b[39mput(\u001b[32m'/9/status'\u001b[39m)\u001b[33m.\u001b[39msend({ status\u001b[33m:\u001b[39m \u001b[32m'assigned'\u001b[39m })\u001b[33m;\u001b[39m\n    \u001b[31m\u001b[1m>\u001b[22m\u001b[39m\u001b[90m 10 |\u001b[39m         expect(res\u001b[33m.\u001b[39mstatus)\u001b[33m.\u001b[39mtoBe(\u001b[35m200\u001b[39m)\u001b[33m;\u001b[39m\n     \u001b[90m    |\u001b[39m                            \u001b[31m\u001b[1m^\u001b[22m\u001b[39m\n     \u001b[90m 11 |\u001b[39m     })\u001b[33m;\u001b[39m\n     \u001b[90m 12 |\u001b[39m\n     \u001b[90m 13 |\u001b[39m     \u001b[90m// --- BVA/EP REAL PAYLOAD TESTS ---\u001b[39m\u001b[0m\n\n      at Object.toBe (tests/unit/a2-update-status.test.js:10:28)\n\n  ● A.2: Cập nhật Trạng thái đơn hàng (PUT /:id/status) › [Real Payload] [EP] ORD-UPD-03 - Lỗi cập nhật trạng thái không tồn tại\n\n    expect(received).toBe(expected) // Object.is equality\n\n    Expected: 404\n    Received: 403\n\n    \u001b[0m \u001b[90m 25 |\u001b[39m             \u001b[33m.\u001b[39msend(payload)\u001b[33m;\u001b[39m\n     \u001b[90m 26 |\u001b[39m         \n    \u001b[31m\u001b[1m>\u001b[22m\u001b[39m\u001b[90m 27 |\u001b[39m         expect(res\u001b[33m.\u001b[39mstatus)\u001b[33m.\u001b[39mtoBe(\u001b[35m404\u001b[39m)\u001b[33m;\u001b[39m\n     \u001b[90m    |\u001b[39m                            \u001b[31m\u001b[1m^\u001b[22m\u001b[39m\n     \u001b[90m 28 |\u001b[39m     })\u001b[33m;\u001b[39m\n     \u001b[90m 29 |\u001b[39m     it(\u001b[32m'[Real Payload] [EP] ORD-UPD-04 - Lỗi cập nhật status bị rỗng'\u001b[39m\u001b[33m,\u001b[39m \u001b[36masync\u001b[39m () \u001b[33m=>\u001b[39m {\n     \u001b[90m 30 |\u001b[39m         global\u001b[33m.\u001b[39mmockPool\u001b[33m.\u001b[39mexecute\u001b[33m.\u001b[39mmockResolvedValueOnce([[{ id\u001b[33m:\u001b[39m \u001b[35m9\u001b[39m\u001b[33m,\u001b[39m status\u001b[33m:\u001b[39m \u001b[32m'pending'\u001b[39m }]])\u001b[33m.\u001b[39mmockResolvedValueOnce([[{ affectedRows\u001b[33m:\u001b[39m \u001b[35m1\u001b[39m }]])\u001b[33m;\u001b[39m\u001b[0m\n\n      at Object.toBe (tests/unit/a2-update-status.test.js:27:28)\n\n  ● A.2: Cập nhật Trạng thái đơn hàng (PUT /:id/status) › [Real Payload] [EP] ORD-UPD-04 - Lỗi cập nhật status bị rỗng\n\n    expect(received).toBe(expected) // Object.is equality\n\n    Expected: 400\n    Received: 403\n\n    \u001b[0m \u001b[90m 39 |\u001b[39m             \u001b[33m.\u001b[39msend(payload)\u001b[33m;\u001b[39m\n     \u001b[90m 40 |\u001b[39m         \n    \u001b[31m\u001b[1m>\u001b[22m\u001b[39m\u001b[90m 41 |\u001b[39m         expect(res\u001b[33m.\u001b[39mstatus)\u001b[33m.\u001b[39mtoBe(\u001b[35m400\u001b[39m)\u001b[33m;\u001b[39m\n     \u001b[90m    |\u001b[39m                            \u001b[31m\u001b[1m^\u001b[22m\u001b[39m\n     \u001b[90m 42 |\u001b[39m     })\u001b[33m;\u001b[39m\n     \u001b[90m 43 |\u001b[39m     it(\u001b[32m'[Real Payload] [EP] ORD-UPD-05 - Lỗi cập nhật cấm vào paid'\u001b[39m\u001b[33m,\u001b[39m \u001b[36masync\u001b[39m () \u001b[33m=>\u001b[39m {\n     \u001b[90m 44 |\u001b[39m         global\u001b[33m.\u001b[39mmockPool\u001b[33m.\u001b[39mexecute\u001b[33m.\u001b[39mmockResolvedValueOnce([[{ id\u001b[33m:\u001b[39m \u001b[35m9\u001b[39m\u001b[33m,\u001b[39m status\u001b[33m:\u001b[39m \u001b[32m'pending'\u001b[39m }]])\u001b[33m.\u001b[39mmockResolvedValueOnce([[{ affectedRows\u001b[33m:\u001b[39m \u001b[35m1\u001b[39m }]])\u001b[33m;\u001b[39m\u001b[0m\n\n      at Object.toBe (tests/unit/a2-update-status.test.js:41:28)\n\n  ● A.2: Cập nhật Trạng thái đơn hàng (PUT /:id/status) › [Real Payload] [EP] ORD-UPD-05 - Lỗi cập nhật cấm vào paid\n\n    expect(received).toBe(expected) // Object.is equality\n\n    Expected: 400\n    Received: 403\n\n    \u001b[0m \u001b[90m 53 |\u001b[39m             \u001b[33m.\u001b[39msend(payload)\u001b[33m;\u001b[39m\n     \u001b[90m 54 |\u001b[39m         \n    \u001b[31m\u001b[1m>\u001b[22m\u001b[39m\u001b[90m 55 |\u001b[39m         expect(res\u001b[33m.\u001b[39mstatus)\u001b[33m.\u001b[39mtoBe(\u001b[35m400\u001b[39m)\u001b[33m;\u001b[39m\n     \u001b[90m    |\u001b[39m                            \u001b[31m\u001b[1m^\u001b[22m\u001b[39m\n     \u001b[90m 56 |\u001b[39m     })\u001b[33m;\u001b[39m\n     \u001b[90m 57 |\u001b[39m     it(\u001b[32m'[Real Payload] [EP] ORD-UPD-06 - Lỗi nhảy cóc trạng thái (pending -> completed)'\u001b[39m\u001b[33m,\u001b[39m \u001b[36masync\u001b[39m () \u001b[33m=>\u001b[39m {\n     \u001b[90m 58 |\u001b[39m         global\u001b[33m.\u001b[39mmockPool\u001b[33m.\u001b[39mexecute\u001b[33m.\u001b[39mmockResolvedValueOnce([[{ id\u001b[33m:\u001b[39m \u001b[35m9\u001b[39m\u001b[33m,\u001b[39m status\u001b[33m:\u001b[39m \u001b[32m'pending'\u001b[39m }]])\u001b[33m.\u001b[39mmockResolvedValueOnce([[{ affectedRows\u001b[33m:\u001b[39m \u001b[35m1\u001b[39m }]])\u001b[33m;\u001b[39m\u001b[0m\n\n      at Object.toBe (tests/unit/a2-update-status.test.js:55:28)\n\n  ● A.2: Cập nhật Trạng thái đơn hàng (PUT /:id/status) › [Real Payload] [EP] ORD-UPD-06 - Lỗi nhảy cóc trạng thái (pending -> completed)\n\n    expect(received).toBe(expected) // Object.is equality\n\n    Expected: 400\n    Received: 403\n\n    \u001b[0m \u001b[90m 67 |\u001b[39m             \u001b[33m.\u001b[39msend(payload)\u001b[33m;\u001b[39m\n     \u001b[90m 68 |\u001b[39m         \n    \u001b[31m\u001b[1m>\u001b[22m\u001b[39m\u001b[90m 69 |\u001b[39m         expect(res\u001b[33m.\u001b[39mstatus)\u001b[33m.\u001b[39mtoBe(\u001b[35m400\u001b[39m)\u001b[33m;\u001b[39m\n     \u001b[90m    |\u001b[39m                            \u001b[31m\u001b[1m^\u001b[22m\u001b[39m\n     \u001b[90m 70 |\u001b[39m     })\u001b[33m;\u001b[39m\n     \u001b[90m 71 |\u001b[39m     it(\u001b[32m'[Real Payload] [EP] ORD-UPD-08 - Lỗi cập nhật đơn hàng đã hủy'\u001b[39m\u001b[33m,\u001b[39m \u001b[36masync\u001b[39m () \u001b[33m=>\u001b[39m {\n     \u001b[90m 72 |\u001b[39m         global\u001b[33m.\u001b[39mmockPool\u001b[33m.\u001b[39mexecute\u001b[33m.\u001b[39mmockResolvedValueOnce([[{ id\u001b[33m:\u001b[39m \u001b[35m9\u001b[39m\u001b[33m,\u001b[39m status\u001b[33m:\u001b[39m \u001b[32m'pending'\u001b[39m }]])\u001b[33m.\u001b[39mmockResolvedValueOnce([[{ affectedRows\u001b[33m:\u001b[39m \u001b[35m1\u001b[39m }]])\u001b[33m;\u001b[39m\u001b[0m\n\n      at Object.toBe (tests/unit/a2-update-status.test.js:69:28)\n\n  ● A.2: Cập nhật Trạng thái đơn hàng (PUT /:id/status) › [Real Payload] [EP] ORD-UPD-08 - Lỗi cập nhật đơn hàng đã hủy\n\n    expect(received).toBe(expected) // Object.is equality\n\n    Expected: 400\n    Received: 403\n\n    \u001b[0m \u001b[90m 81 |\u001b[39m             \u001b[33m.\u001b[39msend(payload)\u001b[33m;\u001b[39m\n     \u001b[90m 82 |\u001b[39m         \n    \u001b[31m\u001b[1m>\u001b[22m\u001b[39m\u001b[90m 83 |\u001b[39m         expect(res\u001b[33m.\u001b[39mstatus)\u001b[33m.\u001b[39mtoBe(\u001b[35m400\u001b[39m)\u001b[33m;\u001b[39m\n     \u001b[90m    |\u001b[39m                            \u001b[31m\u001b[1m^\u001b[22m\u001b[39m\n     \u001b[90m 84 |\u001b[39m     })\u001b[33m;\u001b[39m\n     \u001b[90m 85 |\u001b[39m     it(\u001b[32m'[Real Payload] [HP] ORD-UPD-01 - Cập nhật hợp lệ (pending -> assigned)'\u001b[39m\u001b[33m,\u001b[39m \u001b[36masync\u001b[39m () \u001b[33m=>\u001b[39m {\n     \u001b[90m 86 |\u001b[39m         global\u001b[33m.\u001b[39mmockPool\u001b[33m.\u001b[39mexecute\u001b[33m.\u001b[39mmockResolvedValueOnce([[{ id\u001b[33m:\u001b[39m \u001b[35m9\u001b[39m\u001b[33m,\u001b[39m status\u001b[33m:\u001b[39m \u001b[32m'pending'\u001b[39m }]])\u001b[33m.\u001b[39mmockResolvedValueOnce([[{ affectedRows\u001b[33m:\u001b[39m \u001b[35m1\u001b[39m }]])\u001b[33m;\u001b[39m\u001b[0m\n\n      at Object.toBe (tests/unit/a2-update-status.test.js:83:28)\n\n  ● A.2: Cập nhật Trạng thái đơn hàng (PUT /:id/status) › [Real Payload] [HP] ORD-UPD-01 - Cập nhật hợp lệ (pending -> assigned)\n\n    expect(received).toBe(expected) // Object.is equality\n\n    Expected: 200\n    Received: 403\n\n    \u001b[0m \u001b[90m  95 |\u001b[39m             \u001b[33m.\u001b[39msend(payload)\u001b[33m;\u001b[39m\n     \u001b[90m  96 |\u001b[39m         \n    \u001b[31m\u001b[1m>\u001b[22m\u001b[39m\u001b[90m  97 |\u001b[39m         expect(res\u001b[33m.\u001b[39mstatus)\u001b[33m.\u001b[39mtoBe(\u001b[35m200\u001b[39m)\u001b[33m;\u001b[39m\n     \u001b[90m     |\u001b[39m                            \u001b[31m\u001b[1m^\u001b[22m\u001b[39m\n     \u001b[90m  98 |\u001b[39m     })\u001b[33m;\u001b[39m\n     \u001b[90m  99 |\u001b[39m     it(\u001b[32m'[Real Payload] [HP] ORD-UPD-02 - Cập nhật hợp lệ (assigned -> in_progress)'\u001b[39m\u001b[33m,\u001b[39m \u001b[36masync\u001b[39m () \u001b[33m=>\u001b[39m {\n     \u001b[90m 100 |\u001b[39m         global\u001b[33m.\u001b[39mmockPool\u001b[33m.\u001b[39mexecute\u001b[33m.\u001b[39mmockResolvedValueOnce([[{ id\u001b[33m:\u001b[39m \u001b[35m9\u001b[39m\u001b[33m,\u001b[39m status\u001b[33m:\u001b[39m \u001b[32m'pending'\u001b[39m }]])\u001b[33m.\u001b[39mmockResolvedValueOnce([[{ affectedRows\u001b[33m:\u001b[39m \u001b[35m1\u001b[39m }]])\u001b[33m;\u001b[39m\u001b[0m\n\n      at Object.toBe (tests/unit/a2-update-status.test.js:97:28)\n\n  ● A.2: Cập nhật Trạng thái đơn hàng (PUT /:id/status) › [Real Payload] [HP] ORD-UPD-02 - Cập nhật hợp lệ (assigned -> in_progress)\n\n    expect(received).toBe(expected) // Object.is equality\n\n    Expected: 200\n    Received: 403\n\n    \u001b[0m \u001b[90m 109 |\u001b[39m             \u001b[33m.\u001b[39msend(payload)\u001b[33m;\u001b[39m\n     \u001b[90m 110 |\u001b[39m         \n    \u001b[31m\u001b[1m>\u001b[22m\u001b[39m\u001b[90m 111 |\u001b[39m         expect(res\u001b[33m.\u001b[39mstatus)\u001b[33m.\u001b[39mtoBe(\u001b[35m200\u001b[39m)\u001b[33m;\u001b[39m\n     \u001b[90m     |\u001b[39m                            \u001b[31m\u001b[1m^\u001b[22m\u001b[39m\n     \u001b[90m 112 |\u001b[39m     })\u001b[33m;\u001b[39m\n     \u001b[90m 113 |\u001b[39m     it(\u001b[32m'[Real Payload] [HP] ORD-UPD-07 - Cập nhật hợp lệ (completed -> fixed)'\u001b[39m\u001b[33m,\u001b[39m \u001b[36masync\u001b[39m () \u001b[33m=>\u001b[39m {\n     \u001b[90m 114 |\u001b[39m         global\u001b[33m.\u001b[39mmockPool\u001b[33m.\u001b[39mexecute\u001b[33m.\u001b[39mmockResolvedValueOnce([[{ id\u001b[33m:\u001b[39m \u001b[35m9\u001b[39m\u001b[33m,\u001b[39m status\u001b[33m:\u001b[39m \u001b[32m'pending'\u001b[39m }]])\u001b[33m.\u001b[39mmockResolvedValueOnce([[{ affectedRows\u001b[33m:\u001b[39m \u001b[35m1\u001b[39m }]])\u001b[33m;\u001b[39m\u001b[0m\n\n      at Object.toBe (tests/unit/a2-update-status.test.js:111:28)\n\n  ● A.2: Cập nhật Trạng thái đơn hàng (PUT /:id/status) › [Real Payload] [HP] ORD-UPD-07 - Cập nhật hợp lệ (completed -> fixed)\n\n    expect(received).toBe(expected) // Object.is equality\n\n    Expected: 200\n    Received: 403\n\n    \u001b[0m \u001b[90m 123 |\u001b[39m             \u001b[33m.\u001b[39msend(payload)\u001b[33m;\u001b[39m\n     \u001b[90m 124 |\u001b[39m         \n    \u001b[31m\u001b[1m>\u001b[22m\u001b[39m\u001b[90m 125 |\u001b[39m         expect(res\u001b[33m.\u001b[39mstatus)\u001b[33m.\u001b[39mtoBe(\u001b[35m200\u001b[39m)\u001b[33m;\u001b[39m\n     \u001b[90m     |\u001b[39m                            \u001b[31m\u001b[1m^\u001b[22m\u001b[39m\n     \u001b[90m 126 |\u001b[39m     })\u001b[33m;\u001b[39m\n     \u001b[90m 127 |\u001b[39m     it(\u001b[32m'[Real Payload] [SEC] ORD-UPD-09 - Lỗi bảo mật: Token customer cập nhật trạng thái (403)'\u001b[39m\u001b[33m,\u001b[39m \u001b[36masync\u001b[39m () \u001b[33m=>\u001b[39m {\n     \u001b[90m 128 |\u001b[39m         global\u001b[33m.\u001b[39mmockPool\u001b[33m.\u001b[39mexecute\u001b[33m.\u001b[39mmockResolvedValueOnce([[{ id\u001b[33m:\u001b[39m \u001b[35m9\u001b[39m\u001b[33m,\u001b[39m status\u001b[33m:\u001b[39m \u001b[32m'pending'\u001b[39m }]])\u001b[33m.\u001b[39mmockResolvedValueOnce([[{ affectedRows\u001b[33m:\u001b[39m \u001b[35m1\u001b[39m }]])\u001b[33m;\u001b[39m\u001b[0m\n\n      at Object.toBe (tests/unit/a2-update-status.test.js:125:28)\n","name":"D:\\mutrapro_system_testing\\services\\order-service\\tests\\unit\\a2-update-status.test.js","startTime":1782827797703,"status":"failed","summary":""},{"assertionResults":[{"ancestorTitles":["A.3: Yêu cầu Chỉnh sửa (POST /:id/request-revision)"],"duration":12,"failing":false,"failureDetails":[],"failureMessages":[],"fullName":"A.3: Yêu cầu Chỉnh sửa (POST /:id/request-revision) [HP] Nên tạo yêu cầu chỉnh sửa thành công","invocations":1,"location":null,"numPassingAsserts":1,"retryReasons":[],"startAt":1782827798008,"status":"passed","title":"[HP] Nên tạo yêu cầu chỉnh sửa thành công"},{"ancestorTitles":["A.3: Yêu cầu Chỉnh sửa (POST /:id/request-revision)"],"duration":7,"failing":false,"failureDetails":[{"matcherResult":{"actual":200,"expected":400,"message":"expect(received).toBe(expected) // Object.is equality\n\nExpected: 400\nReceived: 200","name":"toBe","pass":false}}],"failureMessages":["Error: expect(received).toBe(expected) // Object.is equality\n\nExpected: 400\nReceived: 200\n    at Object.toBe (D:\\mutrapro_system_testing\\services\\order-service\\tests\\unit\\a3-request-revision.test.js:27:28)\n    at processTicksAndRejections (node:internal/process/task_queues:104:5)"],"fullName":"A.3: Yêu cầu Chỉnh sửa (POST /:id/request-revision) [Real Payload] [EP] ORD-REV-06 - Lỗi sai trạng thái đơn hàng (pending)","invocations":1,"location":null,"numPassingAsserts":0,"retryReasons":[],"startAt":1782827798020,"status":"failed","title":"[Real Payload] [EP] ORD-REV-06 - Lỗi sai trạng thái đơn hàng (pending)"},{"ancestorTitles":["A.3: Yêu cầu Chỉnh sửa (POST /:id/request-revision)"],"duration":5,"failing":false,"failureDetails":[{"matcherResult":{"actual":200,"expected":400,"message":"expect(received).toBe(expected) // Object.is equality\n\nExpected: 400\nReceived: 200","name":"toBe","pass":false}}],"failureMessages":["Error: expect(received).toBe(expected) // Object.is equality\n\nExpected: 400\nReceived: 200\n    at Object.toBe (D:\\mutrapro_system_testing\\services\\order-service\\tests\\unit\\a3-request-revision.test.js:41:28)\n    at processTicksAndRejections (node:internal/process/task_queues:104:5)"],"fullName":"A.3: Yêu cầu Chỉnh sửa (POST /:id/request-revision) [Real Payload] [EP] ORD-REV-07 - Lỗi sai trạng thái đơn hàng (paid)","invocations":1,"location":null,"numPassingAsserts":0,"retryReasons":[],"startAt":1782827798030,"status":"failed","title":"[Real Payload] [EP] ORD-REV-07 - Lỗi sai trạng thái đơn hàng (paid)"},{"ancestorTitles":["A.3: Yêu cầu Chỉnh sửa (POST /:id/request-revision)"],"duration":4,"failing":false,"failureDetails":[],"failureMessages":[],"fullName":"A.3: Yêu cầu Chỉnh sửa (POST /:id/request-revision) [Real Payload] [HP] ORD-REV-01 - Yêu cầu hợp lệ cho đơn completed","invocations":1,"location":null,"numPassingAsserts":1,"retryReasons":[],"startAt":1782827798036,"status":"passed","title":"[Real Payload] [HP] ORD-REV-01 - Yêu cầu hợp lệ cho đơn completed"},{"ancestorTitles":["A.3: Yêu cầu Chỉnh sửa (POST /:id/request-revision)"],"duration":3,"failing":false,"failureDetails":[],"failureMessages":[],"fullName":"A.3: Yêu cầu Chỉnh sửa (POST /:id/request-revision) [Real Payload] [BVA] ORD-REV-02 - Yêu cầu hợp lệ cho đơn fixed (tại min)","invocations":1,"location":null,"numPassingAsserts":1,"retryReasons":[],"startAt":1782827798041,"status":"passed","title":"[Real Payload] [BVA] ORD-REV-02 - Yêu cầu hợp lệ cho đơn fixed (tại min)"},{"ancestorTitles":["A.3: Yêu cầu Chỉnh sửa (POST /:id/request-revision)"],"duration":3,"failing":false,"failureDetails":[],"failureMessages":[],"fullName":"A.3: Yêu cầu Chỉnh sửa (POST /:id/request-revision) [Real Payload] [BVA] ORD-REV-03 - Yêu cầu hợp lệ tại max","invocations":1,"location":null,"numPassingAsserts":1,"retryReasons":[],"startAt":1782827798045,"status":"passed","title":"[Real Payload] [BVA] ORD-REV-03 - Yêu cầu hợp lệ tại max"},{"ancestorTitles":["A.3: Yêu cầu Chỉnh sửa (POST /:id/request-revision)"],"duration":4,"failing":false,"failureDetails":[],"failureMessages":[],"fullName":"A.3: Yêu cầu Chỉnh sửa (POST /:id/request-revision) [Real Payload] [BVA] ORD-REV-04 - Lỗi comment rỗng","invocations":1,"location":null,"numPassingAsserts":1,"retryReasons":[],"startAt":1782827798048,"status":"passed","title":"[Real Payload] [BVA] ORD-REV-04 - Lỗi comment rỗng"},{"ancestorTitles":["A.3: Yêu cầu Chỉnh sửa (POST /:id/request-revision)"],"duration":3,"failing":false,"failureDetails":[],"failureMessages":[],"fullName":"A.3: Yêu cầu Chỉnh sửa (POST /:id/request-revision) [Real Payload] [BVA] ORD-REV-05 - Lỗi comment vượt mức max","invocations":1,"location":null,"numPassingAsserts":1,"retryReasons":[],"startAt":1782827798052,"status":"passed","title":"[Real Payload] [BVA] ORD-REV-05 - Lỗi comment vượt mức max"}],"endTime":1782827798059,"message":"  ● A.3: Yêu cầu Chỉnh sửa (POST /:id/request-revision) › [Real Payload] [EP] ORD-REV-06 - Lỗi sai trạng thái đơn hàng (pending)\n\n    expect(received).toBe(expected) // Object.is equality\n\n    Expected: 400\n    Received: 200\n\n    \u001b[0m \u001b[90m 25 |\u001b[39m             \u001b[33m.\u001b[39msend(payload)\u001b[33m;\u001b[39m\n     \u001b[90m 26 |\u001b[39m         \n    \u001b[31m\u001b[1m>\u001b[22m\u001b[39m\u001b[90m 27 |\u001b[39m         expect(res\u001b[33m.\u001b[39mstatus)\u001b[33m.\u001b[39mtoBe(\u001b[35m400\u001b[39m)\u001b[33m;\u001b[39m\n     \u001b[90m    |\u001b[39m                            \u001b[31m\u001b[1m^\u001b[22m\u001b[39m\n     \u001b[90m 28 |\u001b[39m     })\u001b[33m;\u001b[39m\n     \u001b[90m 29 |\u001b[39m     it(\u001b[32m'[Real Payload] [EP] ORD-REV-07 - Lỗi sai trạng thái đơn hàng (paid)'\u001b[39m\u001b[33m,\u001b[39m \u001b[36masync\u001b[39m () \u001b[33m=>\u001b[39m {\n     \u001b[90m 30 |\u001b[39m         global\u001b[33m.\u001b[39mmockPool\u001b[33m.\u001b[39mexecute\u001b[33m.\u001b[39mmockResolvedValueOnce([[{ id\u001b[33m:\u001b[39m \u001b[35m9\u001b[39m\u001b[33m,\u001b[39m status\u001b[33m:\u001b[39m \u001b[32m'completed'\u001b[39m }]])\u001b[33m.\u001b[39mmockResolvedValueOnce([[{ affectedRows\u001b[33m:\u001b[39m \u001b[35m1\u001b[39m }]])\u001b[33m;\u001b[39m\u001b[0m\n\n      at Object.toBe (tests/unit/a3-request-revision.test.js:27:28)\n\n  ● A.3: Yêu cầu Chỉnh sửa (POST /:id/request-revision) › [Real Payload] [EP] ORD-REV-07 - Lỗi sai trạng thái đơn hàng (paid)\n\n    expect(received).toBe(expected) // Object.is equality\n\n    Expected: 400\n    Received: 200\n\n    \u001b[0m \u001b[90m 39 |\u001b[39m             \u001b[33m.\u001b[39msend(payload)\u001b[33m;\u001b[39m\n     \u001b[90m 40 |\u001b[39m         \n    \u001b[31m\u001b[1m>\u001b[22m\u001b[39m\u001b[90m 41 |\u001b[39m         expect(res\u001b[33m.\u001b[39mstatus)\u001b[33m.\u001b[39mtoBe(\u001b[35m400\u001b[39m)\u001b[33m;\u001b[39m\n     \u001b[90m    |\u001b[39m                            \u001b[31m\u001b[1m^\u001b[22m\u001b[39m\n     \u001b[90m 42 |\u001b[39m     })\u001b[33m;\u001b[39m\n     \u001b[90m 43 |\u001b[39m     it(\u001b[32m'[Real Payload] [HP] ORD-REV-01 - Yêu cầu hợp lệ cho đơn completed'\u001b[39m\u001b[33m,\u001b[39m \u001b[36masync\u001b[39m () \u001b[33m=>\u001b[39m {\n     \u001b[90m 44 |\u001b[39m         global\u001b[33m.\u001b[39mmockPool\u001b[33m.\u001b[39mexecute\u001b[33m.\u001b[39mmockResolvedValueOnce([[{ id\u001b[33m:\u001b[39m \u001b[35m9\u001b[39m\u001b[33m,\u001b[39m status\u001b[33m:\u001b[39m \u001b[32m'completed'\u001b[39m }]])\u001b[33m.\u001b[39mmockResolvedValueOnce([[{ affectedRows\u001b[33m:\u001b[39m \u001b[35m1\u001b[39m }]])\u001b[33m;\u001b[39m\u001b[0m\n\n      at Object.toBe (tests/unit/a3-request-revision.test.js:41:28)\n","name":"D:\\mutrapro_system_testing\\services\\order-service\\tests\\unit\\a3-request-revision.test.js","startTime":1782827797891,"status":"failed","summary":""},{"assertionResults":[{"ancestorTitles":["A.1: Khởi tạo Đơn hàng (POST /)"],"duration":11,"failing":false,"failureDetails":[],"failureMessages":[],"fullName":"A.1: Khởi tạo Đơn hàng (POST /) [HP] Nên tạo đơn hàng thành công và trả về ID","invocations":1,"location":null,"numPassingAsserts":1,"retryReasons":[],"startAt":1782827798212,"status":"passed","title":"[HP] Nên tạo đơn hàng thành công và trả về ID"},{"ancestorTitles":["A.1: Khởi tạo Đơn hàng (POST /)"],"duration":4,"failing":false,"failureDetails":[],"failureMessages":[],"fullName":"A.1: Khởi tạo Đơn hàng (POST /) [EP] Nên báo lỗi nếu thiếu trường bắt buộc","invocations":1,"location":null,"numPassingAsserts":1,"retryReasons":[],"startAt":1782827798223,"status":"passed","title":"[EP] Nên báo lỗi nếu thiếu trường bắt buộc"},{"ancestorTitles":["A.1: Khởi tạo Đơn hàng (POST /)"],"duration":4,"failing":false,"failureDetails":[],"failureMessages":[],"fullName":"A.1: Khởi tạo Đơn hàng (POST /) [Real Payload] [EP] ORD-CRE-01 - Khởi tạo hợp lệ với transcription","invocations":1,"location":null,"numPassingAsserts":1,"retryReasons":[],"startAt":1782827798228,"status":"passed","title":"[Real Payload] [EP] ORD-CRE-01 - Khởi tạo hợp lệ với transcription"},{"ancestorTitles":["A.1: Khởi tạo Đơn hàng (POST /)"],"duration":8,"failing":false,"failureDetails":[],"failureMessages":[],"fullName":"A.1: Khởi tạo Đơn hàng (POST /) [Real Payload] [EP] ORD-CRE-04 - Lỗi rỗng service_type","invocations":1,"location":null,"numPassingAsserts":1,"retryReasons":[],"startAt":1782827798232,"status":"passed","title":"[Real Payload] [EP] ORD-CRE-04 - Lỗi rỗng service_type"},{"ancestorTitles":["A.1: Khởi tạo Đơn hàng (POST /)"],"duration":4,"failing":false,"failureDetails":[],"failureMessages":[],"fullName":"A.1: Khởi tạo Đơn hàng (POST /) [Real Payload] [EP] ORD-CRE-05 - Lỗi sai định dạng service (Mảng)","invocations":1,"location":null,"numPassingAsserts":1,"retryReasons":[],"startAt":1782827798240,"status":"passed","title":"[Real Payload] [EP] ORD-CRE-05 - Lỗi sai định dạng service (Mảng)"},{"ancestorTitles":["A.1: Khởi tạo Đơn hàng (POST /)"],"duration":4,"failing":false,"failureDetails":[],"failureMessages":[],"fullName":"A.1: Khởi tạo Đơn hàng (POST /) [Real Payload] [EP] ORD-CRE-07 - Lỗi mô tả toàn khoảng trắng","invocations":1,"location":null,"numPassingAsserts":1,"retryReasons":[],"startAt":1782827798244,"status":"passed","title":"[Real Payload] [EP] ORD-CRE-07 - Lỗi mô tả toàn khoảng trắng"},{"ancestorTitles":["A.1: Khởi tạo Đơn hàng (POST /)"],"duration":3,"failing":false,"failureDetails":[],"failureMessages":[],"fullName":"A.1: Khởi tạo Đơn hàng (POST /) [Real Payload] [SEC] ORD-CRE-09 - Lỗi bảo mật: Không có token (401)","invocations":1,"location":null,"numPassingAsserts":1,"retryReasons":[],"startAt":1782827798248,"status":"passed","title":"[Real Payload] [SEC] ORD-CRE-09 - Lỗi bảo mật: Không có token (401)"},{"ancestorTitles":["A.1: Khởi tạo Đơn hàng (POST /)"],"duration":3,"failing":false,"failureDetails":[],"failureMessages":[],"fullName":"A.1: Khởi tạo Đơn hàng (POST /) [Real Payload] [SEC] ORD-CRE-10 - Lỗi bảo mật: Token sai (401/403)","invocations":1,"location":null,"numPassingAsserts":1,"retryReasons":[],"startAt":1782827798252,"status":"passed","title":"[Real Payload] [SEC] ORD-CRE-10 - Lỗi bảo mật: Token sai (401/403)"},{"ancestorTitles":["A.1: Khởi tạo Đơn hàng (POST /)"],"duration":4,"failing":false,"failureDetails":[],"failureMessages":[],"fullName":"A.1: Khởi tạo Đơn hàng (POST /
[...]
}},{"start":{"line":472,"column":15},"end":{"line":477,"column":9}}],"line":469},"46":{"loc":{"start":{"line":479,"column":8},"end":{"line":481,"column":9}},"type":"if","locations":[{"start":{"line":479,"column":8},"end":{"line":481,"column":9}},{"start":{},"end":{}}],"line":479},"47":{"loc":{"start":{"line":497,"column":4},"end":{"line":499,"column":5}},"type":"if","locations":[{"start":{"line":497,"column":4},"end":{"line":499,"column":5}},{"start":{},"end":{}}],"line":497},"48":{"loc":{"start":{"line":502,"column":4},"end":{"line":504,"column":5}},"type":"if","locations":[{"start":{"line":502,"column":4},"end":{"line":504,"column":5}},{"start":{},"end":{}}],"line":502},"49":{"loc":{"start":{"line":508,"column":4},"end":{"line":510,"column":5}},"type":"if","locations":[{"start":{"line":508,"column":4},"end":{"line":510,"column":5}},{"start":{},"end":{}}],"line":508},"50":{"loc":{"start":{"line":512,"column":4},"end":{"line":514,"column":5}},"type":"if","locations":[{"start":{"line":512,"column":4},"end":{"line":514,"column":5}},{"start":{},"end":{}}],"line":512},"51":{"loc":{"start":{"line":516,"column":4},"end":{"line":530,"column":5}},"type":"if","locations":[{"start":{"line":516,"column":4},"end":{"line":530,"column":5}},{"start":{},"end":{}}],"line":516},"52":{"loc":{"start":{"line":527,"column":8},"end":{"line":529,"column":9}},"type":"if","locations":[{"start":{"line":527,"column":8},"end":{"line":529,"column":9}},{"start":{},"end":{}}],"line":527},"53":{"loc":{"start":{"line":527,"column":12},"end":{"line":527,"column":101}},"type":"binary-expr","locations":[{"start":{"line":527,"column":12},"end":{"line":527,"column":46}},{"start":{"line":527,"column":50},"end":{"line":527,"column":101}}],"line":527},"54":{"loc":{"start":{"line":552,"column":4},"end":{"line":554,"column":5}},"type":"if","locations":[{"start":{"line":552,"column":4},"end":{"line":554,"column":5}},{"start":{},"end":{}}],"line":552},"55":{"loc":{"start":{"line":557,"column":4},"end":{"line":559,"column":5}},"type":"if","locations":[{"start":{"line":557,"column":4},"end":{"line":559,"column":5}},{"start":{},"end":{}}],"line":557},"56":{"loc":{"start":{"line":566,"column":4},"end":{"line":569,"column":5}},"type":"if","locations":[{"start":{"line":566,"column":4},"end":{"line":569,"column":5}},{"start":{},"end":{}}],"line":566},"57":{"loc":{"start":{"line":573,"column":34},"end":{"line":573,"column":57}},"type":"binary-expr","locations":[{"start":{"line":573,"column":34},"end":{"line":573,"column":40}},{"start":{"line":573,"column":44},"end":{"line":573,"column":57}}],"line":573},"58":{"loc":{"start":{"line":587,"column":4},"end":{"line":589,"column":5}},"type":"if","locations":[{"start":{"line":587,"column":4},"end":{"line":589,"column":5}},{"start":{},"end":{}}],"line":587},"59":{"loc":{"start":{"line":592,"column":4},"end":{"line":594,"column":5}},"type":"if","locations":[{"start":{"line":592,"column":4},"end":{"line":594,"column":5}},{"start":{},"end":{}}],"line":592},"60":{"loc":{"start":{"line":596,"column":25},"end":{"line":596,"column":40}},"type":"binary-expr","locations":[{"start":{"line":596,"column":25},"end":{"line":596,"column":32}},{"start":{"line":596,"column":36},"end":{"line":596,"column":40}}],"line":596},"61":{"loc":{"start":{"line":599,"column":4},"end":{"line":601,"column":5}},"type":"if","locations":[{"start":{"line":599,"column":4},"end":{"line":601,"column":5}},{"start":{},"end":{}}],"line":599},"62":{"loc":{"start":{"line":616,"column":4},"end":{"line":618,"column":5}},"type":"if","locations":[{"start":{"line":616,"column":4},"end":{"line":618,"column":5}},{"start":{},"end":{}}],"line":616},"63":{"loc":{"start":{"line":629,"column":4},"end":{"line":631,"column":5}},"type":"if","locations":[{"start":{"line":629,"column":4},"end":{"line":631,"column":5}},{"start":{},"end":{}}],"line":629},"64":{"loc":{"start":{"line":629,"column":8},"end":{"line":629,"column":35}},"type":"binary-expr","locations":[{"start":{"line":629,"column":8},"end":{"line":629,"column":16}},{"start":{"line":629,"column":20},"end":{"line":629,"column":35}}],"line":629},"65":{"loc":{"start":{"line":633,"column":4},"end":{"line":635,"column":5}},"type":"if","locations":[{"start":{"line":633,"column":4},"end":{"line":635,"column":5}},{"start":{},"end":{}}],"line":633},"66":{"loc":{"start":{"line":638,"column":4},"end":{"line":640,"column":5}},"type":"if","locations":[{"start":{"line":638,"column":4},"end":{"line":640,"column":5}},{"start":{},"end":{}}],"line":638},"67":{"loc":{"start":{"line":648,"column":4},"end":{"line":650,"column":5}},"type":"if","locations":[{"start":{"line":648,"column":4},"end":{"line":650,"column":5}},{"start":{},"end":{}}],"line":648},"68":{"loc":{"start":{"line":660,"column":4},"end":{"line":665,"column":5}},"type":"if","locations":[{"start":{"line":660,"column":4},"end":{"line":665,"column":5}},{"start":{},"end":{}}],"line":660},"69":{"loc":{"start":{"line":675,"column":13},"end":{"line":675,"column":37}},"type":"binary-expr","locations":[{"start":{"line":675,"column":13},"end":{"line":675,"column":29}},{"start":{"line":675,"column":33},"end":{"line":675,"column":37}}],"line":675},"70":{"loc":{"start":{"line":676,"column":0},"end":{"line":680,"column":1}},"type":"if","locations":[{"start":{"line":676,"column":0},"end":{"line":680,"column":1}},{"start":{},"end":{}}],"line":676}},"s":{"0":7,"1":7,"2":7,"3":7,"4":7,"5":7,"6":7,"7":7,"8":7,"9":7,"10":7,"11":7,"12":7,"13":7,"14":0,"15":7,"16":0,"17":7,"18":7,"19":7,"20":7,"21":7,"22":0,"23":7,"24":7,"25":7,"26":7,"27":0,"28":0,"29":0,"30":7,"31":7,"32":7,"33":6,"34":6,"35":6,"36":6,"37":6,"38":6,"39":6,"40":0,"41":6,"42":6,"43":7,"44":10,"45":10,"46":10,"47":2,"48":8,"49":8,"50":1,"51":1,"52":7,"53":2,"54":2,"55":5,"56":1,"57":4,"58":4,"59":4,"60":4,"61":4,"62":4,"63":0,"64":4,"65":0,"66":4,"67":4,"68":7,"69":0,"70":0,"71":0,"72":0,"73":0,"74":0,"75":0,"76":0,"77":0,"78":0,"79":0,"80":0,"81":0,"82":0,"83":0,"84":0,"85":0,"86":0,"87":0,"88":0,"89":0,"90":0,"91":0,"92":0,"93":0,"94":0,"95":0,"96":0,"97":0,"98":0,"99":0,"100":0,"101":0,"102":0,"103":0,"104":0,"105":0,"106":0,"107":0,"108":0,"109":0,"110":0,"111":0,"112":0,"113":0,"114":0,"115":0,"116":0,"117":0,"118":0,"119":0,"120":0,"121":0,"122":0,"123":0,"124":0,"125":0,"126":0,"127":0,"128":0,"129":0,"130":0,"131":0,"132":0,"133":0,"134":0,"135":0,"136":0,"137":0,"138":0,"139":0,"140":0,"141":7,"142":0,"143":0,"144":0,"145":0,"146":7,"147":0,"148":0,"149":0,"150":0,"151":0,"152":0,"153":0,"154":0,"155":0,"156":0,"157":0,"158":0,"159":0,"160":0,"161":0,"162":0,"163":0,"164":0,"165":0,"166":7,"167":0,"168":0,"169":0,"170":0,"171":0,"172":0,"173":0,"174":0,"175":0,"176":0,"177":0,"178":0,"179":0,"180":0,"181":0,"182":7,"183":0,"184":0,"185":0,"186":0,"187":0,"188":0,"189":0,"190":0,"191":0,"192":0,"193":0,"194":0,"195":7,"196":0,"197":0,"198":0,"199":0,"200":0,"201":7,"202":0,"203":0,"204":0,"205":0,"206":0,"207":0,"208":0,"209":0,"210":0,"211":0,"212":0,"213":7,"214":0,"215":0,"216":0,"217":0,"218":0,"219":0,"220":0,"221":0,"222":0,"223":7,"224":1,"225":1,"226":1,"227":1,"228":0,"229":0,"230":0,"231":0,"232":0,"233":0,"234":0,"235":0,"236":1,"237":7,"238":5,"239":5,"240":5,"241":0,"242":5,"243":5,"244":5,"245":5,"246":5,"247":5,"248":5,"249":0,"250":0,"251":5,"252":5,"253":5,"254":5,"255":0,"256":0,"257":5,"258":5,"259":7,"260":0,"261":0,"262":0,"263":0,"264":0,"265":0,"266":0,"267":0,"268":0,"269":0,"270":0,"271":0,"272":0,"273":0,"274":0,"275":0,"276":0,"277":0,"278":0,"279":0,"280":0,"281":0,"282":7,"283":11,"284":11,"285":11,"286":11,"287":11,"288":0,"289":11,"290":11,"291":10,"292":1,"293":1,"294":1,"295":0,"296":0,"297":1,"298":1,"299":1,"300":1,"301":7,"302":4,"303":4,"304":4,"305":4,"306":1,"307":3,"308":3,"309":3,"310":0,"311":0,"312":0,"313":0,"314":0,"315":0,"316":0,"317":7,"318":0,"319":0,"320":0,"321":0,"322":0,"323":0,"324":0,"325":7,"326":8,"327":8,"328":8,"329":1,"330":7,"331":1,"332":6,"333":6,"334":0,"335":6,"336":6,"337":6,"338":0,"339":6,"340":6,"341":6,"342":6,"343":0,"344":6,"345":6,"346":7,"347":7,"348":7,"349":7,"350":0,"351":0,"352":7},"f":{"0":0,"1":0,"2":0,"3":0,"4":6,"5":10,"6":0,"7":0,"8":0,"9":0,"10":0,"11":0,"12":0,"13":0,"14":0,"15":0,"16":0,"17":0,"18":0,"19":0,"20":0,"21":0,"22":0,"23":0,"24":0,"25":0,"26":0,"27":1,"28":0,"29":5,"30":0,"31":11,"32":4,"33":0,"34":8,"35":0},"b":{"0":[7,0],"1":[6,0],"2":[2,8],"3":[1,7],"4":[2,5],"5":[7,6],"6":[1,4],"7":[0,0],"8":[0,0],"9":[0,0],"10":[0,0],"11":[0,0],"12":[0,0],"13":[0,0],"14":[0,0],"15":[0,0],"16":[0,0],"17":[0,0],"18":[0,0],"19":[0,0],"20":[0,0],"21":[0,0],"22":[0,0],"23":[0,0],"24":[0,0],"25":[0,0],"26":[0,0],"27":[0,0],"28":[0,0],"29":[0,0],"30":[0,0],"31":[0,0],"32":[0,0],"33":[0,0],"34":[0,0],"35":[0,0],"36":[0,0],"37":[0,0],"38":[0,0],"39":[0,0],"40":[0,0],"41":[0,0],"42":[0,0],"43":[0,0],"44":[0,5],"45":[0,5],"46":[0,0],"47":[0,0],"48":[0,0],"49":[0,0],"50":[0,0],"51":[0,0],"52":[0,0],"53":[0,0],"54":[0,11],"55":[10,1],"56":[0,1],"57":[1,1],"58":[1,3],"59":[3,0],"60":[0,0],"61":[0,0],"62":[0,0],"63":[1,7],"64":[8,7],"65":[1,6],"66":[0,6],"67":[0,6],"68":[0,6],"69":[7,7],"70":[0,7]},"_coverageSchema":"1a1c01bbd47fc00a2c39e90264f33305004495a9","hash":"cc5cf2177d40420ae1e064c9f31c53ef09751470"},"D:\\mutrapro_system_testing\\services\\order-service\\shared\\logger.js":{"path":"D:\\mutrapro_system_testing\\services\\order-service\\shared\\logger.js","statementMap":{"0":{"start":{"line":3,"column":16},"end":{"line":3,"column":34}},"1":{"start":{"line":5,"column":15},"end":{"line":27,"column":2}},"2":{"start":{"line":30,"column":0},"end":{"line":37,"column":1}},"3":{"start":{"line":31,"column":2},"end":{"line":36,"column":6}},"4":{"start":{"line":39,"column":0},"end":{"line":39,"column":28}}},"fnMap":{},"branchMap":{"0":{"loc":{"start":{"line":6,"column":9},"end":{"line":6,"column":40}},"type":"binary-expr","locations":[{"start":{"line":6,"column":9},"end":{"line":6,"column":30}},{"start":{"line":6,"column":34},"end":{"line":6,"column":40}}],"line":6},"1":{"loc":{"start":{"line":15,"column":26},"end":{"line":15,"column":71}},"type":"binary-expr","locations":[{"start":{"line":15,"column":26},"end":{"line":15,"column":50}},{"start":{"line":15,"column":54},"end":{"line":15,"column":71}}],"line":15},"2":{"loc":{"start":{"line":30,"column":0},"end":{"line":37,"column":1}},"type":"if","locations":[{"start":{"line":30,"column":0},"end":{"line":37,"column":1}},{"start":{},"end":{}}],"line":30}},"s":{"0":7,"1":7,"2":7,"3":7,"4":7},"f":{},"b":{"0":[7,0],"1":[7,7],"2":[7,0]},"_coverageSchema":"1a1c01bbd47fc00a2c39e90264f33305004495a9","hash":"dd24d4ce4415dbbb7f9bf7de7ce5255225b71fe4"},"D:\\mutrapro_system_testing\\services\\order-service\\shared\\middleware\\errorHandler.js":{"path":"D:\\mutrapro_system_testing\\services\\order-service\\shared\\middleware\\errorHandler.js","statementMap":{"0":{"start":{"line":2,"column":19},"end":{"line":2,"column":39}},"1":{"start":{"line":6,"column":4},"end":{"line":6,"column":19}},"2":{"start":{"line":7,"column":4},"end":{"line":7,"column":33}},"3":{"start":{"line":8,"column":4},"end":{"line":8,"column":25}},"4":{"start":{"line":9,"column":4},"end":{"line":9,"column":30}},"5":{"start":{"line":10,"column":4},"end":{"line":10,"column":52}},"6":{"start":{"line":14,"column":21},"end":{"line":50,"column":1}},"7":{"start":{"line":16,"column":19},"end":{"line":16,"column":40}},"8":{"start":{"line":17,"column":16},"end":{"line":17,"column":54}},"9":{"start":{"line":19,"column":2},"end":{"line":22,"column":3}},"10":{"start":{"line":20,"column":4},"end":{"line":20,"column":21}},"11":{"start":{"line":21,"column":4},"end":{"line":21,"column":41}},"12":{"start":{"line":24,"column":2},"end":{"line":27,"column":3}},"13":{"start":{"line":25,"column":4},"end":{"line":25,"column":21}},"14":{"start":{"line":26,"column":4},"end":{"line":26,"column":66}},"15":{"start":{"line":29,"column":21},"end":{"line":34,"column":3}},"16":{"start":{"line":36,"column":2},"end":{"line":40,"column":3}},"17":{"start":{"line":37,"column":4},"end":{"line":37,"column":63}},"18":{"start":{"line":39,"column":4},"end":{"line":39,"column":55}},"19":{"start":{"line":41,"column":17},"end":{"line":41,"column":33}},"20":{"start":{"line":43,"column":2},"end":{"line":49,"column":5}},"21":{"start":{"line":52,"column":21},"end":{"line":54,"column":1}},"22":{"start":{"line":52,"column":29},"end":{"line":54,"column":1}},"23":{"start":{"line":53,"column":2},"end":{"line":53,"column":50}},"24":{"start":{"line":56,"column":17},"end":{"line":59,"column":1}},"25":{"start":{"line":57,"column":16},"end":{"line":57,"column":73}},"26":{"start":{"line":58,"column":2},"end":{"line":58,"column":14}},"27":{"start":{"line":61,"column":0},"end":{"line":66,"column":2}}},"fnMap":{"0":{"name":"(anonymous_0)","decl":{"start":{"line":5,"column":2},"end":{"line":5,"column":3}},"loc":{"start":{"line":5,"column":48},"end":{"line":11,"column":3}},"line":5},"1":{"name":"(anonymous_1)","decl":{"start":{"line":14,"column":21},"end":{"line":14,"column":22}},"loc":{"start":{"line":14,"column":46},"end":{"line":50,"column":1}},"line":14},"2":{"name":"(anonymous_2)","decl":{"start":{"line":52,"column":21},"end":{"line":52,"column":22}},"loc":{"start":{"line":52,"column":29},"end":{"line":54,"column":1}},"line":52},"3":{"name":"(anonymous_3)","decl":{"start":{"line":52,"column":29},"end":{"line":52,"column":30}},"loc":{"start":{"line":52,"column":49},"end":{"line":54,"column":1}},"line":52},"4":{"name":"(anonymous_4)","decl":{"start":{"line":56,"column":17},"end":{"line":56,"column":18}},"loc":{"start":{"line":56,"column":37},"end":{"line":59,"column":1}},"line":56}},"branchMap":{"0":{"loc":{"start":{"line":5,"column":35},"end":{"line":5,"column":46}},"type":"default-arg","locations":[{"start":{"line":5,"column":44},"end":{"line":5,"column":46}}],"line":5},"1":{"loc":{"start":{"line":16,"column":19},"end":{"line":16,"column":40}},"type":"binary-expr","locations":[{"start":{"line":16,"column":19},"end":{"line":16,"column":33}},{"start":{"line":16,"column":37},"end":{"line":16,"column":40}}],"line":16},"2":{"loc":{"start":{"line":17,"column":16},"end":{"line":17,"column":54}},"type":"binary-expr","locations":[{"start":{"line":17,"column":16},"end":{"line":17,"column":27}},{"start":{"line":17,"column":31},"end":{"line":17,"column":54}}],"line":17},"3":{"loc":{"start":{"line":19,"column":2},"end":{"line":22,"column":3}},"type":"if","locations":[{"start":{"line":19,"column":2},"end":{"line":22,"column":3}},{"start":{},"end":{}}],"line":19},"4":{"loc":{"start":{"line":24,"column":2},"end":{"line":27,"column":3}},"type":"if","locations":[{"start":{"line":24,"column":2},"end":{"line":27,"column":3}},{"start":{},"end":{}}],"line":24},"5":{"loc":{"start":{"line":24,"column":6},"end":{"line":24,"column":74}},"type":"binary-expr","locations":[{"start":{"line":24,"column":6},"end":{"line":24,"column":38}},{"start":{"line":24,"column":42},"end":{"line":24,"column":74}}],"line":24},"6":{"loc":{"start":{"line":36,"column":2},"end":{"line":40,"column":3}},"type":"if","locations":[{"start":{"line":36,"column":2},"end":{"line":40,"column":3}},{"start":{"line":38,"column":9},"end":{"line":40,"column":3}}],"line":36},"7":{"loc":{"start":{"line":41,"column":17},"end":{"line":41,"column":33}},"type":"binary-expr","locations":[{"start":{"line":41,"column":17},"end":{"line":41,"column":27}},{"start":{"line":41,"column":31},"end":{"line":41,"column":33}}],"line":41},"8":{"loc":{"start":{"line":48,"column":8},"end":{"line":48,"column":70}},"type":"binary-expr","locations":[{"start":{"line":48,"column":8},"end":{"line":48,"column":46}},{"start":{"line":48,"column":50},"end":{"line":48,"column":70}}],"line":48}},"s":{"0":7,"1":22,"2":22,"3":22,"4":22,"5":22,"6":7,"7":22,"8":22,"9":22,"10":0,"11":0,"12":22,"13":0,"14":0,"15":22,"16":22,"17":0,"18":22,"19":22,"20":22,"21":7,"22":112,"23":39,"24":7,"25":0,"26":0,"27":7},"f":{"0":22,"1":22,"2":112,"3":39,"4":0},"b":{"0":[22],"1":[22,0],"2":[22,0],"3":[0,22],"4":[0,22],"5":[22,22],"6":[0,22],"7":[22,0],"8":[22,0]},"_coverageSchema":"1a1c01bbd47fc00a2c39e90264f33305004495a9","hash":"0655fcf2c6b9b9a1f02fd8c15aab4a85808471a9"},"D:\\mutrapro_system_testing\\services\\order-service\\shared\\middleware\\responseHandler.js":{"path":"D:\\mutrapro_system_testing\\services\\order-service\\shared\\middleware\\responseHandler.js","statementMap":{"0":{"start":{"line":1,"column":24},"end":{"line":11,"column":1}},"1":{"start":{"line":2,"column":2},"end":{"line":8,"column":4}},"2":{"start":{"line":3,"column":4},"end":{"line":7,"column":7}},"3":{"start":{"line":10,"column":2},"end":{"line":10,"column":9}},"4":{"start":{"line":13,"column":0},"end":{"line":13,"column":37}}},"fnMap":{"0":{"name":"(anonymous_0)","decl":{"start":{"line":1,"column":24},"end":{"line":1,"column":25}},"loc":{"start":{"line":1,"column":44},"end":{"line":11,"column":1}},"line":1},"1":{"name":"(anonymous_1)","decl":{"start":{"line":2,"column":16},"end":{"line":2,"column":17}},"loc":{"start":{"line":2,"column":81},"end":{"line":8,"column":3}},"line":2}},"branchMap":{"0":{"loc":{"start":{"line":2,"column":17},"end":{"line":2,"column":76}},"type":"default-arg","locations":[{"start":{"line":2,"column":74},"end":{"line":2,"column":76}}],"line":2},"1":{"loc":{"start":{"line":2,"column":19},"end":{"line":2,"column":38}},"type":"default-arg","locations":[{"start":{"line":2,"column":29},"end":{"line":2,"column":38}}],"line":2},"2":{"loc":{"start":{"line":2,"column":40},"end":{"line":2,"column":51}},"type":"default-arg","locations":[{"start":{"line":2,"column":47},"end":{"line":2,"column":51}}],"line":2},"3":{"loc":{"start":{"line":2,"column":53},"end":{"line":2,"column":69}},"type":"default-arg","locations":[{"start":{"line":2,"column":66},"end":{"line":2,"column":69}}],"line":2}},"s":{"0":7,"1":75,"2":0,"3":75,"4":7},"f":{"0":75,"1":0},"b":{"0":[0],"1":[0],"2":[0],"3":[0]},"_coverageSchema":"1a1c01bbd47fc00a2c39e90264f33305004495a9","hash":"f80127a6c78b2bcce1ff857c68c02afe502fe7fe"},"D:\\mutrapro_system_testing\\services\\order-service\\shared\\middleware\\validation.js":{"path":"D:\\mutrapro_system_testing\\services\\order-service\\shared\\middleware\\validation.js","statementMap":{"0":{"start":{"line":2,"column":42},"end":{"line":2,"column":70}},"1":{"start":{"line":5,"column":17},"end":{"line":16,"column":1}},"2":{"start":{"line":6,"column":17},"end":{"line":6,"column":38}},"3":{"start":{"line":7,"column":2},"end":{"line":14,"column":3}},"4":{"start":{"line":8,"column":4},"end":{"line":13,"column":7}},"5":{"start":{"line":15,"column":2},"end":{"line":15,"column":9}},"6":{"start":{"line":19,"column":27},"end":{"line":33,"column":1}},"7":{"start":{"line":36,"column":24},"end":{"line":45,"column":1}},"8":{"start":{"line":48,"column":30},"end":{"line":54,"column":1}},"9":{"start":{"line":57,"column":26},"end":{"line":60,"column":1}},"10":{"start":{"line":63,"column":29},"end":{"line":69,"column":1}},"11":{"start":{"line":72,"column":27},"end":{"line":76,"column":1}},"12":{"start":{"line":79,"column":34},"end":{"line":95,"column":1}},"13":{"start":{"line":98,"column":34},"end":{"line":111,"column":1}},"14":{"start":{"line":114,"column":31},"end":{"line":117,"column":1}},"15":{"start":{"line":119,"column":30},"end":{"line":122,"column":1}},"16":{"start":{"line":124,"column":0},"end":{"line":135,"column":2}}},"fnMap":{"0":{"name":"(anonymous_0)","decl":{"start":{"line":5,"column":17},"end":{"line":5,"column":18}},"loc":{"start":{"line":5,"column":37},"end":{"line":16,"column":1}},"line":5}},"branchMap":{"0":{"loc":{"start":{"line":7,"column":2},"end":{"line":14,"column":3}},"type":"if","locations":[{"start":{"line":7,"column":2},"end":{"line":14,"column":3}},{"start":{},"end":{}}],"line":7}},"s":{"0":7,"1":7,"2":47,"3":47,"4":9,"5":38,"6":7,"7":7,"8":7,"9":7,"10":7,"11":7,"12":7,"13":7,"14":7,"15":7,"16":7},"f":{"0":47},"b":{"0":[9,38]},"_coverageSchema":"1a1c01bbd47fc00a2c39e90264f33305004495a9","hash":"9364851eddcbe13e2c623e670a1be80a57c3055b"}}}
